<?xml version="1.0" encoding="UTF-8"?>
<!-- Generated by org.testng.reporters.JUnitXMLReporter -->
<testsuite hostname="darshan" failures="0" tests="5" name="Default test" time="101.333" errors="0" timestamp="17 Dec 2019 12:41:00 GMT">
  <testcase classname="testScript.TC_UploadDocumentswithInvalidData" name="TC_ValidDomainSubmission" time="15.332"/>
  <testcase classname="testScript.TC_UploadDocumentswithInvalidData" name="TC_SignIn" time="14.619"/>
  <testcase classname="testScript.TC_UploadDocumentswithInvalidData" name="TC_UploadDocumentwithBlankValue" time="30.704"/>
  <testcase classname="testScript.TC_UploadDocumentswithInvalidData" name="TC_UploadDocumentwithInvalidValue" time="18.006"/>
  <testcase classname="testScript.TC_UploadDocumentswithInvalidData" name="TC_SignOut" time="6.222"/>
</testsuite> <!-- Default test -->
