<?xml version="1.0" encoding="UTF-8"?>
<!-- Generated by org.testng.reporters.JUnitXMLReporter -->
<testsuite hostname="darshan" failures="0" tests="6" name="ContactsScriptswithValidData" time="231.179" errors="0" timestamp="27 Nov 2019 11:32:35 GMT">
  <testcase classname="testScript.TC_Contacts" name="TC_ValidDomainSubmission" time="15.306"/>
  <testcase classname="testScript.TC_Contacts" name="TC_SignIn" time="24.74"/>
  <testcase classname="testScript.TC_Contacts" name="TC_Contactswith1to1Inquiry" time="53.07"/>
  <testcase classname="testScript.TC_Contacts" name="TC_ContactswithCreateInquiry" time="64.927"/>
  <testcase classname="testScript.TC_Contacts" name="TC_ContactsINGroupswithCreateInquiry" time="61.205"/>
  <testcase classname="testScript.TC_Contacts" name="TC_SignOut" time="6.213"/>
</testsuite> <!-- ContactsScriptswithValidData -->
