<?xml version="1.0" encoding="UTF-8"?>
<!-- Generated by org.testng.reporters.JUnitXMLReporter -->
<testsuite hostname="darshan" failures="0" tests="4" name="Create New Inquiry" time="58.645" errors="0" timestamp="8 Nov 2019 06:19:33 GMT">
  <testcase classname="testScript.TC_NewInquiry" name="TC_ValidDomainSubmission" time="3.976"/>
  <testcase classname="testScript.TC_NewInquiry" name="TC_SignIn" time="9.144"/>
  <testcase classname="testScript.TC_NewInquiry" name="TC_NI" time="31.913"/>
  <testcase classname="testScript.TC_NewInquiry" name="TC_SignOut" time="2.264"/>
</testsuite> <!-- Create New Inquiry -->
