<?xml version="1.0" encoding="UTF-8"?>
<!-- Generated by org.testng.reporters.JUnitXMLReporter -->
<testsuite hostname="darshan" failures="0" tests="5" name="CreateGroupScriptswithInValidData" time="103.692" errors="0" timestamp="27 Nov 2019 11:37:05 GMT">
  <testcase classname="testScript.TC_CreateGroupwithInValidData" name="TC_SignIN" time="40.128"/>
  <testcase classname="testScript.TC_CreateGroupwithInValidData" name="TC_CreateGroupwithBlankData" time="23.796"/>
  <testcase classname="testScript.TC_CreateGroupwithInValidData" name="TC_CreateGroupwithInValidValues" time="14.646"/>
  <testcase classname="testScript.TC_CreateGroupwithInValidData" name="TC_CreateGroupwithoutAddingParticipants" time="11.73"/>
  <testcase classname="testScript.TC_CreateGroupwithInValidData" name="TC_SignOut" time="6.634"/>
</testsuite> <!-- CreateGroupScriptswithInValidData -->
