<?xml version="1.0" encoding="UTF-8"?>
<!-- Generated by org.testng.reporters.JUnitXMLReporter -->
<testsuite hostname="darshan" failures="0" tests="4" name="Create New Inquiry" time="129.045" errors="0" timestamp="27 Nov 2019 10:59:13 GMT">
  <testcase classname="testScript.TC_NewInquiry" name="TC_ValidDomainSubmission" time="15.311"/>
  <testcase classname="testScript.TC_NewInquiry" name="TC_SignIn" time="27.617"/>
  <testcase classname="testScript.TC_NewInquiry" name="TC_CreateNewInquiry" time="74.261"/>
  <testcase classname="testScript.TC_NewInquiry" name="TC_SignOut" time="6.218"/>
</testsuite> <!-- Create New Inquiry -->
