<?xml version="1.0" encoding="UTF-8"?>
<!-- Generated by org.testng.reporters.JUnitXMLReporter -->
<testsuite hostname="darshan" failures="0" tests="3" name="CreateGroupScriptswithValidData" time="95.608" errors="0" timestamp="27 Nov 2019 11:35:21 GMT">
  <testcase classname="testScript.TC_CreateGroupwithValidData" name="TC_SignIN" time="40.135"/>
  <testcase classname="testScript.TC_CreateGroupwithValidData" name="TC_CreateGroupwithValidValues" time="41.078"/>
  <testcase classname="testScript.TC_CreateGroupwithValidData" name="TC_SignOut" time="6.764"/>
</testsuite> <!-- CreateGroupScriptswithValidData -->
