<?xml version="1.0" encoding="UTF-8"?>
<!-- Generated by org.testng.reporters.JUnitXMLReporter -->
<testsuite hostname="darshan" failures="0" tests="5" name="Create New Inquiry with Invalid Data" time="58.668" errors="0" timestamp="8 Nov 2019 06:20:31 GMT">
  <testcase classname="testScript.TC_NewInquirywithInvalidData" name="TC_ValidDomainSubmission" time="3.484"/>
  <testcase classname="testScript.TC_NewInquirywithInvalidData" name="TC_SignIn" time="15.741"/>
  <testcase classname="testScript.TC_NewInquirywithInvalidData" name="TC_CreateNewInquirywithInvalidValues" time="22.667"/>
  <testcase classname="testScript.TC_NewInquirywithInvalidData" name="TC_CreateNewInquirywithBlankValues" time="8.866"/>
  <testcase classname="testScript.TC_NewInquirywithInvalidData" name="TC_SignOut" time="2.191"/>
</testsuite> <!-- Create New Inquiry with Invalid Data -->
