<?xml version="1.0" encoding="UTF-8"?>
<!-- Generated by org.testng.reporters.JUnitXMLReporter -->
<testsuite hostname="darshan" failures="1" tests="1" name="DomainwithINValidData" time="7.828" errors="0" timestamp="21 Oct 2019 13:55:37 GMT">
  <testcase classname="testScript.TC_VerifyDomainwithINValidData" name="TC_InvalidDomainSubmission" time="1.006">
    <failure type="java.lang.NullPointerException">
      <![CDATA[java.lang.NullPointerException
	at org.openqa.selenium.support.pagefactory.DefaultElementLocator.findElement(DefaultElementLocator.java:69)
	at org.openqa.selenium.support.pagefactory.internal.LocatingElementHandler.invoke(LocatingElementHandler.java:38)
	at com.sun.proxy.$Proxy12.click(Unknown Source)
	at testObjects.objectVerifyDomain.verifyDomainButton(objectVerifyDomain.java:27)
	at logicalView.VerifyDomain.VerifyInValidDomain(VerifyDomain.java:35)
	at testScript.TC_VerifyDomainwithINValidData.TC_InvalidDomainSubmission(TC_VerifyDomainwithINValidData.java:23)
... Removed 24 stack frames]]>
    </failure>
  </testcase> <!-- TC_InvalidDomainSubmission -->
</testsuite> <!-- DomainwithINValidData -->
