<?xml version="1.0" encoding="UTF-8"?>
<!-- Generated by org.testng.reporters.JUnitXMLReporter -->
<testsuite hostname="darshan" failures="0" tests="2" name="ForgotPasswordwithValidData" time="13.228" errors="0" timestamp="24 Oct 2019 13:42:00 GMT">
  <testcase classname="testScript.TC_ForgotPasswordwithValidData" name="TC_ValidDomainSubmission" time="3.3"/>
  <testcase classname="testScript.TC_ForgotPasswordwithValidData" name="TC_ForgotPassword" time="4.039"/>
</testsuite> <!-- ForgotPasswordwithValidData -->
