<?xml version="1.0" encoding="UTF-8"?>
<!-- Generated by org.testng.reporters.JUnitXMLReporter -->
<testsuite hostname="darshan" failures="0" tests="2" name="ForgotPasswordwithValidData" time="12.318" errors="0" timestamp="7 Nov 2019 11:59:48 GMT">
  <testcase classname="testScript.TC_ForgotPasswordwithValidData" name="TC_ValidDomainSubmission" time="3.484"/>
  <testcase classname="testScript.TC_ForgotPasswordwithValidData" name="TC_ForgotPassword" time="3.806"/>
</testsuite> <!-- ForgotPasswordwithValidData -->
