<?xml version="1.0" encoding="UTF-8"?>
<!-- Generated by org.testng.reporters.JUnitXMLReporter -->
<testsuite hostname="darshan" failures="0" tests="4" name="ForgotPasswordwithINValidData" time="31.586" errors="0" timestamp="24 Oct 2019 13:42:31 GMT">
  <testcase classname="testScript.TC_ForgotPasswordwithINValidData" name="TC_ValidDomainSubmission" time="3.569"/>
  <testcase classname="testScript.TC_ForgotPasswordwithINValidData" name="TC_InValidForgotPasswordwithBlankEmail" time="12.481"/>
  <testcase classname="testScript.TC_ForgotPasswordwithINValidData" name="TC_InValidForgotPasswordwithInvalidEmail" time="4.211"/>
  <testcase classname="testScript.TC_ForgotPasswordwithINValidData" name="TC_InValidForgotPasswordwithNotRegisteredEmail" time="4.883"/>
</testsuite> <!-- ForgotPasswordwithINValidData -->
