<?xml version="1.0" encoding="UTF-8"?>
<!-- Generated by org.testng.reporters.JUnitXMLReporter -->
<testsuite hostname="darshan" failures="0" tests="17" name="Inquiry Internal Functionalities" time="198.559" errors="0" timestamp="8 Nov 2019 12:05:35 GMT">
  <testcase classname="testScript.TC_InquiryInternalFunctionalities" name="TC_ValidDomainSubmission" time="12.441"/>
  <testcase classname="testScript.TC_InquiryInternalFunctionalities" name="TC_InquiryList" time="4.613"/>
  <testcase classname="testScript.TC_InquiryInternalFunctionalities" name="TC_ViewImage" time="10.521"/>
  <testcase classname="testScript.TC_InquiryInternalFunctionalities" name="TC_SendMessageToChat" time="4.879"/>
  <testcase classname="testScript.TC_InquiryInternalFunctionalities" name="TC_AttachMediaPhoto" time="11.211"/>
  <testcase classname="testScript.TC_InquiryInternalFunctionalities" name="TC_AttachMediaVideo" time="9.976"/>
  <testcase classname="testScript.TC_InquiryInternalFunctionalities" name="TC_AttachMediaDocument" time="8.95"/>
  <testcase classname="testScript.TC_InquiryInternalFunctionalities" name="TC_AddParticipantInInquiry" time="32.352"/>
  <testcase classname="testScript.TC_InquiryInternalFunctionalities" name="TC_AddNotes" time="5.534"/>
  <testcase classname="testScript.TC_InquiryInternalFunctionalities" name="TC_EditNotes" time="7.479"/>
  <testcase classname="testScript.TC_InquiryInternalFunctionalities" name="TC_DeleteNotes" time="6.227"/>
  <testcase classname="testScript.TC_InquiryInternalFunctionalities" name="TC_RemoveParticipant" time="11.726"/>
  <testcase classname="testScript.TC_InquiryInternalFunctionalities" name="TC_ArchiveInquiry" time="8.39"/>
  <testcase classname="testScript.TC_InquiryInternalFunctionalities" name="TC_UnArchiveInquiry" time="27.873"/>
  <testcase classname="testScript.TC_InquiryInternalFunctionalities" name="TC_VideoCall" time="14.164"/>
  <testcase classname="testScript.TC_InquiryInternalFunctionalities" name="TC_EditInquiryDetails" time="13.258"/>
  <testcase classname="testScript.TC_InquiryInternalFunctionalities" name="TC_SignOut" time="2.263"/>
</testsuite> <!-- Inquiry Internal Functionalities -->
