<?xml version="1.0" encoding="UTF-8"?>
<!-- Generated by org.testng.reporters.JUnitXMLReporter -->
<testsuite hostname="darshan" failures="0" tests="3" name="LoginwithValidData" time="28.472" errors="0" timestamp="8 Nov 2019 10:19:48 GMT">
  <testcase classname="testScript.TC_LoginwithValidData" name="TC_ValidDomainSubmission" time="3.606"/>
  <testcase classname="testScript.TC_LoginwithValidData" name="TC_SignIn" time="17.917"/>
  <testcase classname="testScript.TC_LoginwithValidData" name="TC_SignOut" time="2.297"/>
</testsuite> <!-- LoginwithValidData -->
