<?xml version="1.0" encoding="UTF-8"?>
<!-- Generated by org.testng.reporters.JUnitXMLReporter -->
<testsuite hostname="darshan" failures="0" tests="7" name="PublishVideowithValidFormats" time="208.804" errors="0" timestamp="16 Dec 2019 13:29:38 GMT">
  <testcase classname="testScript.TC_PublishVideowithValidFormats" name="TC_ValidDomainSubmission" time="15.337"/>
  <testcase classname="testScript.TC_PublishVideowithValidFormats" name="TC_SignIn" time="14.595"/>
  <testcase classname="testScript.TC_PublishVideowithValidFormats" name="TC_OpenVideoTab" time="15.226"/>
  <testcase classname="testScript.TC_PublishVideowithValidFormats" name="TC_PublishNewVideowithValidFormatMP4" time="46.733"/>
  <testcase classname="testScript.TC_PublishVideowithValidFormats" name="TC_PublishNewVideowithValidFormatM4V" time="46.732"/>
  <testcase classname="testScript.TC_PublishVideowithValidFormats" name="TC_PublishNewVideowithValidFormatMOV" time="46.65"/>
  <testcase classname="testScript.TC_PublishVideowithValidFormats" name="TC_SignOut" time="6.23"/>
</testsuite> <!-- PublishVideowithValidFormats -->
