<?xml version="1.0" encoding="UTF-8"?>
<!-- Generated by org.testng.reporters.JUnitXMLReporter -->
<testsuite hostname="darshan" failures="0" tests="13" name="ShowMeScriptswithValidData" time="240.453" errors="0" timestamp="27 Nov 2019 06:26:09 GMT">
  <testcase classname="testScript.TC_ShowMewithValidData" name="TC_ValidDomainSubmission" time="15.282"/>
  <testcase classname="testScript.TC_ShowMewithValidData" name="TC_SignIn" time="24.609"/>
  <testcase classname="testScript.TC_ShowMewithValidData" name="TC_CreateSessionwithSMS" time="35.183"/>
  <testcase classname="testScript.TC_ShowMewithValidData" name="TC_CreateSessionwithWhatsApp" time="39.328"/>
  <testcase classname="testScript.TC_ShowMewithValidData" name="TC_CreateSessionwithEmail" time="31.955"/>
  <testcase classname="testScript.TC_ShowMewithValidData" name="TC_CopySessionCode" time="12.458"/>
  <testcase classname="testScript.TC_ShowMewithValidData" name="TC_CopyGuestURL" time="15.427"/>
  <testcase classname="testScript.TC_ShowMewithValidData" name="TC_JoinCall" time="22.211"/>
  <testcase classname="testScript.TC_ShowMewithValidData" name="TC_InviteEllipsisOption" time="5.471"/>
  <testcase classname="testScript.TC_ShowMewithValidData" name="TC_CopySessionUrlEllipsisOptio" time="6.535"/>
  <testcase classname="testScript.TC_ShowMewithValidData" name="TC_EndSessionEllipsisOption" time="2.334"/>
  <testcase classname="testScript.TC_ShowMewithValidData" name="TC_DeleteSessionEllipsisOptio" time="18.277"/>
  <testcase classname="testScript.TC_ShowMewithValidData" name="TC_SignOut" time="6.212"/>
</testsuite> <!-- ShowMeScriptswithValidData -->
