<?xml version="1.0" encoding="UTF-8"?>
<!-- Generated by org.testng.reporters.JUnitXMLReporter -->
<testsuite hostname="darshan" failures="0" tests="5" name="SignUpwithINValidData" time="120.295" errors="0" timestamp="24 Oct 2019 13:47:20 GMT">
  <testcase classname="testScript.TC_SignUpwithINValidData" name="AddUserSignUp" time="11.171"/>
  <testcase classname="testScript.TC_SignUpwithINValidData" name="TC_SignUpwithBlankEmailIdInvalidData" time="8.574"/>
  <testcase classname="testScript.TC_SignUpwithINValidData" name="TC_SignUpwithBlankUserIdInvalidData" time="8.115"/>
  <testcase classname="testScript.TC_SignUpwithINValidData" name="TC_SignUpwithEmailIdInvalidData" time="57.857"/>
  <testcase classname="testScript.TC_SignUpwithINValidData" name="TC_SignUpwithUserIdInvalidData" time="29.222"/>
</testsuite> <!-- SignUpwithINValidData -->
