<?xml version="1.0" encoding="UTF-8"?>
<!-- Generated by org.testng.reporters.JUnitXMLReporter -->
<testsuite hostname="darshan" failures="0" tests="5" name="SignUpwithVerifyINValidData" time="37.503" errors="0" timestamp="27 Nov 2019 11:51:04 GMT">
  <testcase classname="testScript.TC_SignUpwithVerifyINValidData" name="TC_VerifyBlankVerifyEmailUserid" time="18.565"/>
  <testcase classname="testScript.TC_SignUpwithVerifyINValidData" name="TC_VerifyInvalidVerifyEmail" time="2.679"/>
  <testcase classname="testScript.TC_SignUpwithVerifyINValidData" name="TC_VerifyNotRegisteredVerifyEmail" time="2.672"/>
  <testcase classname="testScript.TC_SignUpwithVerifyINValidData" name="TC_VerifyInvalidVerifyUserId" time="1.894"/>
  <testcase classname="testScript.TC_SignUpwithVerifyINValidData" name="TC_VerifyNotRegisteredVerifyUserId" time="6.846"/>
</testsuite> <!-- SignUpwithVerifyINValidData -->
