<?xml version="1.0" encoding="UTF-8"?>
<!-- Generated by org.testng.reporters.JUnitXMLReporter -->
<testsuite hostname="darshan" failures="0" tests="3" name="SignUpInvitewithEmailwithoutPassword" time="55.746" errors="0" timestamp="24 Oct 2019 13:49:36 GMT">
  <testcase classname="testScript.TC_SignUpInvitewithEmailwithoutPassword" name="SignInforSignUp" time="10.269"/>
  <testcase classname="testScript.TC_SignUpInvitewithEmailwithoutPassword" name="TC_SignUpwithEmailwithoutPassword" time="18.757"/>
  <testcase classname="testScript.TC_SignUpInvitewithEmailwithoutPassword" name="TC_SignInafterRegister" time="21.259"/>
</testsuite> <!-- SignUpInvitewithEmailwithoutPassword -->
