<?xml version="1.0" encoding="UTF-8"?>
<!-- Generated by org.testng.reporters.JUnitXMLReporter -->
<testsuite hostname="darshan" failures="0" tests="3" name="SignUpwithValidDataEmail" time="59.019" errors="0" timestamp="8 Nov 2019 06:29:43 GMT">
  <testcase classname="testScript.TC_SignUpwithValidEmail" name="SignInforSignUp" time="12.72"/>
  <testcase classname="testScript.TC_SignUpwithValidEmail" name="TC_SignUpwithEmailandPassword" time="20.919"/>
  <testcase classname="testScript.TC_SignUpwithValidEmail" name="TC_SignInafterRegister" time="18.64"/>
</testsuite> <!-- SignUpwithValidDataEmail -->
