<?xml version="1.0" encoding="UTF-8"?>
<!-- Generated by org.testng.reporters.JUnitXMLReporter -->
<testsuite hostname="darshan" failures="0" tests="5" name="SignUpwithINValidData" time="116.778" errors="0" timestamp="27 Nov 2019 11:50:26 GMT">
  <testcase classname="testScript.TC_SignUpwithINValidData" name="AddUserSignUp" time="56.715"/>
  <testcase classname="testScript.TC_SignUpwithINValidData" name="TC_SignUpwithBlankEmailIdInvalidData" time="6.765"/>
  <testcase classname="testScript.TC_SignUpwithINValidData" name="TC_SignUpwithBlankUserIdInvalidData" time="7.864"/>
  <testcase classname="testScript.TC_SignUpwithINValidData" name="TC_SignUpwithUserIdInvalidData" time="34.366"/>
  <testcase classname="testScript.TC_SignUpwithINValidData" name="TC_SignOut" time="6.246"/>
</testsuite> <!-- SignUpwithINValidData -->
