<?xml version="1.0" encoding="UTF-8"?>
<!-- Generated by org.testng.reporters.JUnitXMLReporter -->
<testsuite hostname="darshan" failures="0" tests="3" name="SignUpInvitewithUserIdwithoutPassword" time="67.76" errors="0" timestamp="8 Nov 2019 06:33:21 GMT">
  <testcase classname="testScript.TC_SignUpInvitewithUserIdwithoutPassword" name="SignInforSignUp" time="14.4"/>
  <testcase classname="testScript.TC_SignUpInvitewithUserIdwithoutPassword" name="TC_SignUpwithEmailwithoutPassword" time="12.903"/>
  <testcase classname="testScript.TC_SignUpInvitewithUserIdwithoutPassword" name="TC_SignInafterRegister" time="35.542"/>
</testsuite> <!-- SignUpInvitewithUserIdwithoutPassword -->
