<?xml version="1.0" encoding="UTF-8"?>
<!-- Generated by org.testng.reporters.JUnitXMLReporter -->
<testsuite hostname="darshan" failures="0" tests="4" name="UploadDocumentwithValidFormats" time="117.609" errors="0" timestamp="17 Dec 2019 12:48:11 GMT">
  <testcase classname="testScript.TC_UploadDocuments" name="TC_ValidDomainSubmission" time="15.333"/>
  <testcase classname="testScript.TC_UploadDocuments" name="TC_SignIn" time="14.645"/>
  <testcase classname="testScript.TC_UploadDocuments" name="TC_UploadDocument" time="65.348"/>
  <testcase classname="testScript.TC_UploadDocuments" name="TC_SignOut" time="6.202"/>
</testsuite> <!-- UploadDocumentwithValidFormats -->
