<?xml version="1.0" encoding="UTF-8"?>
<!-- Generated by org.testng.reporters.JUnitXMLReporter -->
<testsuite hostname="darshan" failures="0" tests="6" name="ContactsScriptswithValidData" time="231.04" errors="0" timestamp="28 Nov 2019 07:30:19 GMT">
  <testcase classname="testScript.TC_Contacts" name="TC_ValidDomainSubmission" time="15.302"/>
  <testcase classname="testScript.TC_Contacts" name="TC_SignIn" time="24.705"/>
  <testcase classname="testScript.TC_Contacts" name="TC_Contactswith1to1Inquiry" time="53.112"/>
  <testcase classname="testScript.TC_Contacts" name="TC_ContactswithCreateInquiry" time="65.1"/>
  <testcase classname="testScript.TC_Contacts" name="TC_ContactsINGroupswithCreateInquiry" time="61.336"/>
  <testcase classname="testScript.TC_Contacts" name="TC_SignOut" time="6.231"/>
</testsuite> <!-- ContactsScriptswithValidData -->
