<?xml version="1.0" encoding="UTF-8"?>
<testsuite xmlns:xsi="http://www.w3.org/2001/XMLSchema-instance" xsi:schemaLocation="https://maven.apache.org/surefire/maven-surefire-plugin/xsd/surefire-test-report.xsd" name="TestSuite" time="0.45" tests="8" errors="0" skipped="7" failures="1">
  <properties>
    <property name="java.runtime.name" value="Java(TM) SE Runtime Environment"/>
    <property name="java.vm.version" value="13.0.1+9"/>
    <property name="sun.boot.library.path" value="/home/darshan/Documents/jdk-13.0.1/lib"/>
    <property name="maven.multiModuleProjectDirectory" value="/home/darshan/Journey2"/>
    <property name="java.vm.vendor" value="Oracle Corporation"/>
    <property name="java.vendor.url" value="https://java.oracle.com/"/>
    <property name="path.separator" value=":"/>
    <property name="guice.disable.misplaced.annotation.check" value="true"/>
    <property name="java.vm.name" value="Java HotSpot(TM) 64-Bit Server VM"/>
    <property name="user.country" value="IN"/>
    <property name="sun.java.launcher" value="SUN_STANDARD"/>
    <property name="java.vm.specification.name" value="Java Virtual Machine Specification"/>
    <property name="user.dir" value="/home/darshan/Journey2"/>
    <property name="java.vm.compressedOopsMode" value="32-bit"/>
    <property name="java.runtime.version" value="13.0.1+9"/>
    <property name="os.arch" value="amd64"/>
    <property name="java.io.tmpdir" value="/tmp"/>
    <property name="line.separator" value="&#10;"/>
    <property name="java.vm.specification.vendor" value="Oracle Corporation"/>
    <property name="os.name" value="Linux"/>
    <property name="classworlds.conf" value="/home/darshan/eclipse-workspace/.metadata/.plugins/org.eclipse.m2e.launching/launches/m2conf16362634644494618823.tmp"/>
    <property name="sun.jnu.encoding" value="UTF-8"/>
    <property name="java.library.path" value="/usr/java/packages/lib:/usr/lib64:/lib64:/lib:/usr/lib"/>
    <property name="jdk.debug" value="release"/>
    <property name="java.class.version" value="57.0"/>
    <property name="java.specification.name" value="Java Platform API Specification"/>
    <property name="sun.management.compiler" value="HotSpot 64-Bit Tiered Compilers"/>
    <property name="os.version" value="4.15.0-70-generic"/>
    <property name="user.home" value="/home/darshan"/>
    <property name="user.timezone" value="Asia/Kolkata"/>
    <property name="file.encoding" value="UTF-8"/>
    <property name="java.specification.version" value="13"/>
    <property name="user.name" value="darshan"/>
    <property name="java.class.path" value="/home/darshan/.p2/pool/plugins/org.eclipse.m2e.maven.runtime_1.13.0.20190716-1623/jars/plexus-classworlds-2.6.0.jar"/>
    <property name="java.vm.specification.version" value="13"/>
    <property name="sun.arch.data.model" value="64"/>
    <property name="sun.java.command" value="org.codehaus.plexus.classworlds.launcher.Launcher -B test"/>
    <property name="java.home" value="/home/darshan/Documents/jdk-13.0.1"/>
    <property name="user.language" value="en"/>
    <property name="java.specification.vendor" value="Oracle Corporation"/>
    <property name="java.vm.info" value="mixed mode, sharing"/>
    <property name="java.version" value="13.0.1"/>
    <property name="securerandom.source" value="file:/dev/./urandom"/>
    <property name="java.vendor" value="Oracle Corporation"/>
    <property name="maven.home" value="/home/darshan/Journey2/EMBEDDED"/>
    <property name="file.separator" value="/"/>
    <property name="java.version.date" value="2019-10-15"/>
    <property name="java.vendor.url.bug" value="https://bugreport.java.com/bugreport/"/>
    <property name="sun.io.unicode.encoding" value="UnicodeLittle"/>
    <property name="sun.cpu.endian" value="little"/>
  </properties>
  <testcase name="beforeTest" classname="testScript.TC_Contacts" time="0.361">
    <failure message="The driver is not executable: /home/darshan/Journey2/src/test/resources/chromedriver.exe" type="java.lang.IllegalStateException">java.lang.IllegalStateException: The driver is not executable: /home/darshan/Journey2/src/test/resources/chromedriver.exe
	at testScript.TC_Contacts.beforeTest(TC_Contacts.java:25)
</failure>
    <system-out><![CDATA[/home/darshan/Journey2/src/test/resources/chromedriver.exe
]]></system-out>
  </testcase>
  <testcase name="TC_ValidDomainSubmission" classname="testScript.TC_Contacts" time="0">
    <skipped/>
  </testcase>
  <testcase name="TC_SignIn" classname="testScript.TC_Contacts" time="0">
    <skipped/>
  </testcase>
  <testcase name="TC_Contactswith1to1Inquiry" classname="testScript.TC_Contacts" time="0">
    <skipped/>
  </testcase>
  <testcase name="TC_ContactswithCreateInquiry" classname="testScript.TC_Contacts" time="0">
    <skipped/>
  </testcase>
  <testcase name="TC_ContactsINGroupswithCreateInquiry" classname="testScript.TC_Contacts" time="0">
    <skipped/>
  </testcase>
  <testcase name="TC_SignOut" classname="testScript.TC_Contacts" time="0">
    <skipped/>
  </testcase>
  <testcase name="afterTest" classname="testScript.TC_Contacts" time="0">
    <skipped/>
  </testcase>
</testsuite>