<?xml version="1.0" encoding="UTF-8"?>
<testsuite xmlns:xsi="http://www.w3.org/2001/XMLSchema-instance" xsi:schemaLocation="https://maven.apache.org/surefire/maven-surefire-plugin/xsd/surefire-test-report.xsd" name="TestSuite" time="0.45" tests="8" errors="0" skipped="7" failures="1">
  <properties>
[...]
</properties>
  <testcase name="beforeTest" classname="testScript.TC_Contacts" time="0.361">
    <failure message="The driver is not executable: /home/darshan/Journey2/src/test/resources/chromedriver.exe" type="java.lang.IllegalStateException">java.lang.IllegalStateException: The driver is not executable: /home/darshan/Journey2/src/test/resources/chromedriver.exe
	at testScript.TC_Contacts.beforeTest(TC_Contacts.java:25)
</failure>
    <system-out><![CDATA[/home/darshan/Journey2/src/test/resources/chromedriver.exe
]]></system-out>
  </testcase>
  <testcase name="TC_ValidDomainSubmission" classname="testScript.TC_Contacts" time="0">
    <skipped/>
  </testcase>
  <testcase name="TC_SignIn" classname="testScript.TC_Contacts" time="0">
    <skipped/>
  </testcase>
  <testcase name="TC_Contactswith1to1Inquiry" classname="testScript.TC_Contacts" time="0">
    <skipped/>
  </testcase>
  <testcase name="TC_ContactswithCreateInquiry" classname="testScript.TC_Contacts" time="0">
    <skipped/>
  </testcase>
  <testcase name="TC_ContactsINGroupswithCreateInquiry" classname="testScript.TC_Contacts" time="0">
    <skipped/>
  </testcase>
  <testcase name="TC_SignOut" classname="testScript.TC_Contacts" time="0">
    <skipped/>
  </testcase>
  <testcase name="afterTest" classname="testScript.TC_Contacts" time="0">
    <skipped/>
  </testcase>
</testsuite>