-------------------------------------------------------------------------------
Test set: TestSuite
-------------------------------------------------------------------------------
Tests run: 8, Failures: 1, Errors: 0, Skipped: 7, Time elapsed: 0.45 sec <<< FAILURE! - in TestSuite
beforeTest(testScript.TC_Contacts)  Time elapsed: 0.361 sec  <<< FAILURE!
java.lang.IllegalStateException: The driver is not executable: /home/darshan/Journey2/src/test/resources/chromedriver.exe
	at testScript.TC_Contacts.beforeTest(TC_Contacts.java:25)

