<?xml version="1.0" encoding="UTF-8"?>
<testng-results total="39" passed="39" failed="0" skipped="0">
  <reporter-output>
  </reporter-output>
  <suite started-at="2019-10-24T13:40:55Z" name="Suite" finished-at="2019-10-24T13:49:36Z" duration-ms="521120">
    <groups>
    </groups>
    <test started-at="2019-10-24T13:40:55Z" name="Need Help" finished-at="2019-10-24T13:41:25Z" duration-ms="30114">
      <class name="testScript.TC_NeedHelp">
        <test-method is-config="true" signature="beforeTest()[pri:0, instance:testScript.TC_NeedHelp@2ea227af]" started-at="2019-10-24T19:10:55Z" name="beforeTest" finished-at="2019-10-24T19:11:01Z" duration-ms="6158" status="PASS">
          <reporter-output>
          </reporter-output>
        </test-method> <!-- beforeTest -->
        <test-method signature="TC_Need_Help()[pri:0, instance:testScript.TC_NeedHelp@2ea227af]" started-at="2019-10-24T19:11:01Z" name="TC_Need_Help" finished-at="2019-10-24T19:11:25Z" duration-ms="23804" status="PASS">
          <reporter-output>
          </reporter-output>
        </test-method> <!-- TC_Need_Help -->
        <test-method is-config="true" signature="afterTest()[pri:0, instance:testScript.TC_NeedHelp@2ea227af]" started-at="2019-10-24T19:11:25Z" name="afterTest" finished-at="2019-10-24T19:11:25Z" duration-ms="132" status="PASS">
          <reporter-output>
          </reporter-output>
        </test-method> <!-- afterTest -->
      </class> <!-- testScript.TC_NeedHelp -->
    </test> <!-- Need Help -->
    <test started-at="2019-10-24T13:41:25Z" name="DomainwithValidData" finished-at="2019-10-24T13:41:34Z" duration-ms="8727">
      <class name="testScript.TC_VerifyDomainwithValidData">
        <test-method is-config="true" signature="beforeTest()[pri:0, instance:testScript.TC_VerifyDomainwithValidData@6e4784bc]" started-at="2019-10-24T19:11:25Z" name="beforeTest" finished-at="2019-10-24T19:11:30Z" duration-ms="5334" status="PASS">
          <reporter-output>
          </reporter-output>
        </test-method> <!-- beforeTest -->
        <test-method signature="TC_ValidDomainSubmission()[pri:0, instance:testScript.TC_VerifyDomainwithValidData@6e4784bc]" started-at="2019-10-24T19:11:30Z" name="TC_ValidDomainSubmission" finished-at="2019-10-24T19:11:33Z" duration-ms="3261" status="PASS">
          <reporter-output>
          </reporter-output>
        </test-method> <!-- TC_ValidDomainSubmission -->
        <test-method is-config="true" signature="afterTest()[pri:0, instance:testScript.TC_VerifyDomainwithValidData@6e4784bc]" started-at="2019-10-24T19:11:33Z" name="afterTest" finished-at="2019-10-24T19:11:34Z" duration-ms="129" status="PASS">
          <reporter-output>
          </reporter-output>
        </test-method> <!-- afterTest -->
      </class> <!-- testScript.TC_VerifyDomainwithValidData -->
    </test> <!-- DomainwithValidData -->
    <test started-at="2019-10-24T13:41:34Z" name="DomainwithINValidData" finished-at="2019-10-24T13:41:47Z" duration-ms="13060">
      <class name="testScript.TC_VerifyDomainwithINValidData">
        <test-method is-config="true" signature="beforeTest()[pri:0, instance:testScript.TC_VerifyDomainwithINValidData@57c758ac]" started-at="2019-10-24T19:11:34Z" name="beforeTest" finished-at="2019-10-24T19:11:39Z" duration-ms="5811" status="PASS">
          <reporter-output>
          </reporter-output>
        </test-method> <!-- beforeTest -->
        <test-method signature="TC_InvalidDomainSubmission()[pri:0, instance:testScript.TC_VerifyDomainwithINValidData@57c758ac]" started-at="2019-10-24T19:11:39Z" name="TC_InvalidDomainSubmission" finished-at="2019-10-24T19:11:47Z" duration-ms="7173" status="PASS">
          <reporter-output>
          </reporter-output>
        </test-method> <!-- TC_InvalidDomainSubmission -->
        <test-method is-config="true" signature="afterTest()[pri:0, instance:testScript.TC_VerifyDomainwithINValidData@57c758ac]" started-at="2019-10-24T19:11:47Z" name="afterTest" finished-at="2019-10-24T19:11:47Z" duration-ms="73" status="PASS">
          <reporter-output>
          </reporter-output>
        </test-method> <!-- afterTest -->
      </class> <!-- testScript.TC_VerifyDomainwithINValidData -->
    </test> <!-- DomainwithINValidData -->
    <test started-at="2019-10-24T13:41:47Z" name="ForgotPasswordwithValidData" finished-at="2019-10-24T13:42:00Z" duration-ms="13228">
      <class name="testScript.TC_ForgotPasswordwithValidData">
        <test-method is-config="true" signature="beforeTest()[pri:0, instance:testScript.TC_ForgotPasswordwithValidData@63355449]" started-at="2019-10-24T19:11:47Z" name="beforeTest" finished-at="2019-10-24T19:11:52Z" duration-ms="5799" status="PASS">
          <reporter-output>
          </reporter-output>
        </test-method> <!-- beforeTest -->
        <test-method signature="TC_ValidDomainSubmission()[pri:0, instance:testScript.TC_ForgotPasswordwithValidData@63355449]" started-at="2019-10-24T19:11:52Z" name="TC_ValidDomainSubmission" finished-at="2019-10-24T19:11:56Z" duration-ms="3300" status="PASS">
          <reporter-output>
          </reporter-output>
        </test-method> <!-- TC_ValidDomainSubmission -->
        <test-method signature="TC_ForgotPassword()[pri:0, instance:testScript.TC_ForgotPasswordwithValidData@63355449]" started-at="2019-10-24T19:11:56Z" name="TC_ForgotPassword" finished-at="2019-10-24T19:12:00Z" depends-on-methods="testScript.TC_ForgotPasswordwithValidData.TC_ValidDomainSubmission" duration-ms="4039" status="PASS">
          <reporter-output>
          </reporter-output>
        </test-method> <!-- TC_ForgotPassword -->
        <test-method is-config="true" signature="afterTest()[pri:0, instance:testScript.TC_ForgotPasswordwithValidData@63355449]" started-at="2019-10-24T19:12:00Z" name="afterTest" finished-at="2019-10-24T19:12:00Z" duration-ms="84" status="PASS">
          <reporter-output>
          </reporter-output>
        </test-method> <!-- afterTest -->
      </class> <!-- testScript.TC_ForgotPasswordwithValidData -->
    </test> <!-- ForgotPasswordwithValidData -->
    <test started-at="2019-10-24T13:42:00Z" name="ForgotPasswordwithINValidData" finished-at="2019-10-24T13:42:31Z" duration-ms="31586">
      <class name="testScript.TC_ForgotPasswordwithINValidData">
        <test-method is-config="true" signature="beforeTest()[pri:0, instance:testScript.TC_ForgotPasswordwithINValidData@5e82df6a]" started-at="2019-10-24T19:12:00Z" name="beforeTest" finished-at="2019-10-24T19:12:06Z" duration-ms="6308" status="PASS">
          <reporter-output>
          </reporter-output>
        </test-method> <!-- beforeTest -->
        <test-method signature="TC_ValidDomainSubmission()[pri:0, instance:testScript.TC_ForgotPasswordwithINValidData@5e82df6a]" started-at="2019-10-24T19:12:06Z" name="TC_ValidDomainSubmission" finished-at="2019-10-24T19:12:10Z" duration-ms="3569" status="PASS">
          <reporter-output>
          </reporter-output>
        </test-method> <!-- TC_ValidDomainSubmission -->
        <test-method signature="TC_InValidForgotPasswordwithBlankEmail()[pri:0, instance:testScript.TC_ForgotPasswordwithINValidData@5e82df6a]" started-at="2019-10-24T19:12:10Z" name="TC_InValidForgotPasswordwithBlankEmail" finished-at="2019-10-24T19:12:22Z" depends-on-methods="testScript.TC_ForgotPasswordwithINValidData.TC_ValidDomainSubmission" duration-ms="12481" status="PASS">
          <reporter-output>
          </reporter-output>
        </test-method> <!-- TC_InValidForgotPasswordwithBlankEmail -->
        <test-method signature="TC_InValidForgotPasswordwithInvalidEmail()[pri:0, instance:testScript.TC_ForgotPasswordwithINValidData@5e82df6a]" started-at="2019-10-24T19:12:22Z" name="TC_InValidForgotPasswordwithInvalidEmail" finished-at="2019-10-24T19:12:26Z" depends-on-methods="testScript.TC_ForgotPasswordwithINValidData.TC_InValidForgotPasswordwithBlankEmail" duration-ms="4211" status="PASS">
          <reporter-output>
          </reporter-output>
        </test-method> <!-- TC_InValidForgotPasswordwithInvalidEmail -->
        <test-method signature="TC_InValidForgotPasswordwithNotRegisteredEmail()[pri:0, instance:testScript.TC_ForgotPasswordwithINValidData@5e82df6a]" started-at="2019-10-24T19:12:26Z" name="TC_InValidForgotPasswordwithNotRegisteredEmail" finished-at="2019-10-24T19:12:31Z" depends-on-methods="testScript.TC_ForgotPasswordwithINValidData.TC_InValidForgotPasswordwithInvalidEmail" duration-ms="4883" status="PASS">
          <reporter-output>
          </reporter-output>
        </test-method> <!-- TC_InValidForgotPasswordwithNotRegisteredEmail -->
        <test-method is-config="true" signature="afterTest()[pri:0, instance:testScript.TC_ForgotPasswordwithINValidData@5e82df6a]" started-at="2019-10-24T19:12:31Z" name="afterTest" finished-at="2019-10-24T19:12:31Z" duration-ms="127" status="PASS">
          <reporter-output>
          </reporter-output>
        </test-method> <!-- afterTest -->
      </class> <!-- testScript.TC_ForgotPasswordwithINValidData -->
    </test> <!-- ForgotPasswordwithINValidData -->
    <test started-at="2019-10-24T13:42:31Z" name="LoginwithValidData" finished-at="2019-10-24T13:42:49Z" duration-ms="17233">
      <class name="testScript.TC_LoginwithValidData">
        <test-method is-config="true" signature="beforeTest()[pri:0, instance:testScript.TC_LoginwithValidData@76508ed1]" started-at="2019-10-24T19:12:31Z" name="beforeTest" finished-at="2019-10-24T19:12:37Z" duration-ms="5586" status="PASS">
          <reporter-output>
          </reporter-output>
        </test-method> <!-- beforeTest -->
        <test-method signature="TC_ValidDomainSubmission()[pri:0, instance:testScript.TC_LoginwithValidData@76508ed1]" started-at="2019-10-24T19:12:37Z" name="TC_ValidDomainSubmission" finished-at="2019-10-24T19:12:40Z" duration-ms="3258" status="PASS">
          <reporter-output>
          </reporter-output>
        </test-method> <!-- TC_ValidDomainSubmission -->
        <test-method signature="TC_SignIn()[pri:0, instance:testScript.TC_LoginwithValidData@76508ed1]" started-at="2019-10-24T19:12:40Z" name="TC_SignIn" finished-at="2019-10-24T19:12:46Z" depends-on-methods="testScript.TC_LoginwithValidData.TC_ValidDomainSubmission" duration-ms="6027" status="PASS">
          <reporter-output>
          </reporter-output>
        </test-method> <!-- TC_SignIn -->
        <test-method signature="TC_SignOut()[pri:0, instance:testScript.TC_LoginwithValidData@76508ed1]" started-at="2019-10-24T19:12:46Z" name="TC_SignOut" finished-at="2019-10-24T19:12:49Z" depends-on-methods="testScript.TC_LoginwithValidData.TC_SignIn" duration-ms="2274" status="PASS">
          <reporter-output>
          </reporter-output>
        </test-method> <!-- TC_SignOut -->
        <test-method is-config="true" signature="afterTest()[pri:0, instance:testScript.TC_LoginwithValidData@76508ed1]" started-at="2019-10-24T19:12:49Z" name="afterTest" finished-at="2019-10-24T19:12:49Z" duration-ms="80" status="PASS">
          <reporter-output>
          </reporter-output>
        </test-method> <!-- afterTest -->
      </class> <!-- testScript.TC_LoginwithValidData -->
    </test> <!-- LoginwithValidData -->
    <test started-at="2019-10-24T13:42:49Z" name="LoginwithINValidData" finished-at="2019-10-24T13:43:30Z" duration-ms="40897">
      <class name="testScript.TC_LoginwithINValidData">
        <test-method is-config="true" signature="beforeTest()[pri:0, instance:testScript.TC_LoginwithINValidData@481a996b]" started-at="2019-10-24T19:12:49Z" name="beforeTest" finished-at="2019-10-24T19:12:56Z" duration-ms="7370" status="PASS">
          <reporter-output>
          </reporter-output>
        </test-method> <!-- beforeTest -->
        <test-method signature="TC_ValidDomainSubmission()[pri:0, instance:testScript.TC_LoginwithINValidData@481a996b]" started-at="2019-10-24T19:12:56Z" name="TC_ValidDomainSubmission" finished-at="2019-10-24T19:12:59Z" duration-ms="3272" status="PASS">
          <reporter-output>
          </reporter-output>
        </test-method> <!-- TC_ValidDomainSubmission -->
        <test-method signature="TC_InValidSignInwithBlankEmailPassword()[pri:0, instance:testScript.TC_LoginwithINValidData@481a996b]" started-at="2019-10-24T19:12:59Z" name="TC_InValidSignInwithBlankEmailPassword" finished-at="2019-10-24T19:13:01Z" depends-on-methods="testScript.TC_LoginwithINValidData.TC_ValidDomainSubmission" duration-ms="1685" status="PASS">
          <reporter-output>
          </reporter-output>
        </test-method> <!-- TC_InValidSignInwithBlankEmailPassword -->
        <test-method signature="TC_InValidSignInwithBlankEmail()[pri:0, instance:testScript.TC_LoginwithINValidData@481a996b]" started-at="2019-10-24T19:13:01Z" name="TC_InValidSignInwithBlankEmail" finished-at="2019-10-24T19:13:05Z" depends-on-methods="testScript.TC_LoginwithINValidData.TC_InValidSignInwithBlankEmailPassword" duration-ms="4350" status="PASS">
          <reporter-output>
          </reporter-output>
        </test-method> <!-- TC_InValidSignInwithBlankEmail -->
        <test-method signature="TC_InValidSignInwithBlankPassword()[pri:0, instance:testScript.TC_LoginwithINValidData@481a996b]" started-at="2019-10-24T19:13:05Z" name="TC_InValidSignInwithBlankPassword" finished-at="2019-10-24T19:13:14Z" depends-on-methods="testScript.TC_LoginwithINValidData.TC_InValidSignInwithBlankEmail" duration-ms="8778" status="PASS">
          <reporter-output>
          </reporter-output>
        </test-method> <!-- TC_InValidSignInwithBlankPassword -->
        <test-method signature="TC_InvalidsignInwithInvalidEmailPassword()[pri:0, instance:testScript.TC_LoginwithINValidData@481a996b]" started-at="2019-10-24T19:13:14Z" name="TC_InvalidsignInwithInvalidEmailPassword" finished-at="2019-10-24T19:13:30Z" depends-on-methods="testScript.TC_LoginwithINValidData.TC_InValidSignInwithBlankPassword" duration-ms="15359" status="PASS">
          <reporter-output>
          </reporter-output>
        </test-method> <!-- TC_InvalidsignInwithInvalidEmailPassword -->
        <test-method is-config="true" signature="afterTest()[pri:0, instance:testScript.TC_LoginwithINValidData@481a996b]" started-at="2019-10-24T19:13:30Z" name="afterTest" finished-at="2019-10-24T19:13:30Z" duration-ms="77" status="PASS">
          <reporter-output>
          </reporter-output>
        </test-method> <!-- afterTest -->
      </class> <!-- testScript.TC_LoginwithINValidData -->
    </test> <!-- LoginwithINValidData -->
    <test started-at="2019-10-24T13:43:30Z" name="SignUpwithValidDataEmail" finished-at="2019-10-24T13:44:23Z" duration-ms="53873">
      <class name="testScript.TC_SignUpwithValidEmail">
        <test-method is-config="true" signature="beforeTest()[pri:0, instance:testScript.TC_SignUpwithValidEmail@243c4f91]" started-at="2019-10-24T19:13:30Z" name="beforeTest" finished-at="2019-10-24T19:13:35Z" duration-ms="5335" status="PASS">
          <reporter-output>
          </reporter-output>
        </test-method> <!-- beforeTest -->
        <test-method signature="SignInforSignUp()[pri:0, instance:testScript.TC_SignUpwithValidEmail@243c4f91]" started-at="2019-10-24T19:13:35Z" name="SignInforSignUp" finished-at="2019-10-24T19:13:45Z" duration-ms="9574" status="PASS">
          <reporter-output>
          </reporter-output>
        </test-method> <!-- SignInforSignUp -->
        <test-method signature="TC_SignUpwithEmailandPassword()[pri:0, instance:testScript.TC_SignUpwithValidEmail@243c4f91]" started-at="2019-10-24T19:13:45Z" name="TC_SignUpwithEmailandPassword" finished-at="2019-10-24T19:14:07Z" duration-ms="21976" status="PASS">
          <reporter-output>
          </reporter-output>
        </test-method> <!-- TC_SignUpwithEmailandPassword -->
        <test-method signature="TC_SignInafterRegister()[pri:0, instance:testScript.TC_SignUpwithValidEmail@243c4f91]" started-at="2019-10-24T19:14:07Z" name="TC_SignInafterRegister" finished-at="2019-10-24T19:14:23Z" duration-ms="16846" status="PASS">
          <reporter-output>
          </reporter-output>
        </test-method> <!-- TC_SignInafterRegister -->
        <test-method is-config="true" signature="afterTest()[pri:0, instance:testScript.TC_SignUpwithValidEmail@243c4f91]" started-at="2019-10-24T19:14:23Z" name="afterTest" finished-at="2019-10-24T19:14:23Z" duration-ms="135" status="PASS">
          <reporter-output>
          </reporter-output>
        </test-method> <!-- afterTest -->
      </class> <!-- testScript.TC_SignUpwithValidEmail -->
    </test> <!-- SignUpwithValidDataEmail -->
    <test started-at="2019-10-24T13:44:23Z" name="SignUpwithValidDataUserId" finished-at="2019-10-24T13:45:19Z" duration-ms="55736">
      <class name="testScript.TC_SignUpwithValidUserId">
        <test-method is-config="true" signature="beforeTest()[pri:0, instance:testScript.TC_SignUpwithValidUserId@6a192cfe]" started-at="2019-10-24T19:14:24Z" name="beforeTest" finished-at="2019-10-24T19:14:29Z" duration-ms="5094" status="PASS">
          <reporter-output>
          </reporter-output>
        </test-method> <!-- beforeTest -->
        <test-method signature="SignInforSignUp()[pri:0, instance:testScript.TC_SignUpwithValidUserId@6a192cfe]" started-at="2019-10-24T19:14:29Z" name="SignInforSignUp" finished-at="2019-10-24T19:14:38Z" duration-ms="9877" status="PASS">
          <reporter-output>
          </reporter-output>
        </test-method> <!-- SignInforSignUp -->
        <test-method signature="TC_SignUpwithEmailandPassword()[pri:0, instance:testScript.TC_SignUpwithValidUserId@6a192cfe]" started-at="2019-10-24T19:14:38Z" name="TC_SignUpwithEmailandPassword" finished-at="2019-10-24T19:15:06Z" duration-ms="27838" status="PASS">
          <reporter-output>
          </reporter-output>
        </test-method> <!-- TC_SignUpwithEmailandPassword -->
        <test-method signature="TC_SignInafterRegister()[pri:0, instance:testScript.TC_SignUpwithValidUserId@6a192cfe]" started-at="2019-10-24T19:15:06Z" name="TC_SignInafterRegister" finished-at="2019-10-24T19:15:19Z" duration-ms="12785" status="PASS">
          <reporter-output>
          </reporter-output>
        </test-method> <!-- TC_SignInafterRegister -->
        <test-method is-config="true" signature="afterTest()[pri:0, instance:testScript.TC_SignUpwithValidUserId@6a192cfe]" started-at="2019-10-24T19:15:19Z" name="afterTest" finished-at="2019-10-24T19:15:19Z" duration-ms="137" status="PASS">
          <reporter-output>
          </reporter-output>
        </test-method> <!-- afterTest -->
      </class> <!-- testScript.TC_SignUpwithValidUserId -->
    </test> <!-- SignUpwithValidDataUserId -->
    <test started-at="2019-10-24T13:45:19Z" name="SignUpwithINValidData" finished-at="2019-10-24T13:47:20Z" duration-ms="120295">
      <class name="testScript.TC_SignUpwithINValidData">
        <test-method is-config="true" signature="beforeTest()[pri:0, instance:testScript.TC_SignUpwithINValidData@192d43ce]" started-at="2019-10-24T19:15:19Z" name="beforeTest" finished-at="2019-10-24T19:15:25Z" duration-ms="5263" status="PASS">
          <reporter-output>
          </reporter-output>
        </test-method> <!-- beforeTest -->
        <test-method signature="AddUserSignUp()[pri:0, instance:testScript.TC_SignUpwithINValidData@192d43ce]" started-at="2019-10-24T19:15:25Z" name="AddUserSignUp" finished-at="2019-10-24T19:15:36Z" duration-ms="11171" status="PASS">
          <reporter-output>
          </reporter-output>
        </test-method> <!-- AddUserSignUp -->
        <test-method signature="TC_SignUpwithBlankEmailIdInvalidData()[pri:0, instance:testScript.TC_SignUpwithINValidData@192d43ce]" started-at="2019-10-24T19:15:36Z" name="TC_SignUpwithBlankEmailIdInvalidData" finished-at="2019-10-24T19:15:44Z" duration-ms="8574" status="PASS">
          <reporter-output>
          </reporter-output>
        </test-method> <!-- TC_SignUpwithBlankEmailIdInvalidData -->
        <test-method signature="TC_SignUpwithBlankUserIdInvalidData()[pri:0, instance:testScript.TC_SignUpwithINValidData@192d43ce]" started-at="2019-10-24T19:15:44Z" name="TC_SignUpwithBlankUserIdInvalidData" finished-at="2019-10-24T19:15:52Z" duration-ms="8115" status="PASS">
          <reporter-output>
          </reporter-output>
        </test-method> <!-- TC_SignUpwithBlankUserIdInvalidData -->
        <test-method signature="TC_SignUpwithEmailIdInvalidData()[pri:0, instance:testScript.TC_SignUpwithINValidData@192d43ce]" started-at="2019-10-24T19:15:52Z" name="TC_SignUpwithEmailIdInvalidData" finished-at="2019-10-24T19:16:50Z" duration-ms="57857" status="PASS">
          <reporter-output>
          </reporter-output>
        </test-method> <!-- TC_SignUpwithEmailIdInvalidData -->
        <test-method signature="TC_SignUpwithUserIdInvalidData()[pri:0, instance:testScript.TC_SignUpwithINValidData@192d43ce]" started-at="2019-10-24T19:16:50Z" name="TC_SignUpwithUserIdInvalidData" finished-at="2019-10-24T19:17:19Z" duration-ms="29222" status="PASS">
          <reporter-output>
          </reporter-output>
        </test-method> <!-- TC_SignUpwithUserIdInvalidData -->
        <test-method is-config="true" signature="afterTest()[pri:0, instance:testScript.TC_SignUpwithINValidData@192d43ce]" started-at="2019-10-24T19:17:19Z" name="afterTest" finished-at="2019-10-24T19:17:20Z" duration-ms="85" status="PASS">
          <reporter-output>
          </reporter-output>
        </test-method> <!-- afterTest -->
      </class> <!-- testScript.TC_SignUpwithINValidData -->
    </test> <!-- SignUpwithINValidData -->
    <test started-at="2019-10-24T13:47:20Z" name="SignUpwithVerifyINValidData" finished-at="2019-10-24T13:47:44Z" duration-ms="24163">
      <class name="testScript.TC_SignUpwithVerifyINValidData">
        <test-method is-config="true" signature="beforeTest()[pri:0, instance:testScript.TC_SignUpwithVerifyINValidData@59fd97a8]" started-at="2019-10-24T19:17:20Z" name="beforeTest" finished-at="2019-10-24T19:17:25Z" duration-ms="5320" status="PASS">
          <reporter-output>
          </reporter-output>
        </test-method> <!-- beforeTest -->
        <test-method signature="TC_VerifyBlankVerifyEmailUserid()[pri:0, instance:testScript.TC_SignUpwithVerifyINValidData@59fd97a8]" started-at="2019-10-24T19:17:25Z" name="TC_VerifyBlankVerifyEmailUserid" finished-at="2019-10-24T19:17:32Z" duration-ms="6646" status="PASS">
          <reporter-output>
          </reporter-output>
        </test-method> <!-- TC_VerifyBlankVerifyEmailUserid -->
        <test-method signature="TC_VerifyInvalidVerifyEmail()[pri:0, instance:testScript.TC_SignUpwithVerifyINValidData@59fd97a8]" started-at="2019-10-24T19:17:32Z" name="TC_VerifyInvalidVerifyEmail" finished-at="2019-10-24T19:17:34Z" duration-ms="2754" status="PASS">
          <reporter-output>
          </reporter-output>
        </test-method> <!-- TC_VerifyInvalidVerifyEmail -->
        <test-method signature="TC_VerifyNotRegisteredVerifyEmail()[pri:0, instance:testScript.TC_SignUpwithVerifyINValidData@59fd97a8]" started-at="2019-10-24T19:17:34Z" name="TC_VerifyNotRegisteredVerifyEmail" finished-at="2019-10-24T19:17:37Z" duration-ms="2812" status="PASS">
          <reporter-output>
          </reporter-output>
        </test-method> <!-- TC_VerifyNotRegisteredVerifyEmail -->
        <test-method signature="TC_VerifyInvalidVerifyUserId()[pri:0, instance:testScript.TC_SignUpwithVerifyINValidData@59fd97a8]" started-at="2019-10-24T19:17:37Z" name="TC_VerifyInvalidVerifyUserId" finished-at="2019-10-24T19:17:40Z" duration-ms="2701" status="PASS">
          <reporter-output>
          </reporter-output>
        </test-method> <!-- TC_VerifyInvalidVerifyUserId -->
        <test-method signature="TC_VerifyNotRegisteredVerifyUserId()[pri:0, instance:testScript.TC_SignUpwithVerifyINValidData@59fd97a8]" started-at="2019-10-24T19:17:40Z" name="TC_VerifyNotRegisteredVerifyUserId" finished-at="2019-10-24T19:17:44Z" duration-ms="3789" status="PASS">
          <reporter-output>
          </reporter-output>
        </test-method> <!-- TC_VerifyNotRegisteredVerifyUserId -->
        <test-method is-config="true" signature="afterTest()[pri:0, instance:testScript.TC_SignUpwithVerifyINValidData@59fd97a8]" started-at="2019-10-24T19:17:44Z" name="afterTest" finished-at="2019-10-24T19:17:44Z" duration-ms="135" status="PASS">
          <reporter-output>
          </reporter-output>
        </test-method> <!-- afterTest -->
      </class> <!-- testScript.TC_SignUpwithVerifyINValidData -->
    </test> <!-- SignUpwithVerifyINValidData -->
    <test started-at="2019-10-24T13:47:44Z" name="SignUpInvitewithUserIdwithoutPassword" finished-at="2019-10-24T13:48:40Z" duration-ms="56340">
      <class name="testScript.TC_SignUpInvitewithUserIdwithoutPassword">
        <test-method is-config="true" signature="beforeTest()[pri:0, instance:testScript.TC_SignUpInvitewithUserIdwithoutPassword@4d9e68d0]" started-at="2019-10-24T19:17:44Z" name="beforeTest" finished-at="2019-10-24T19:17:50Z" duration-ms="6281" status="PASS">
          <reporter-output>
          </reporter-output>
        </test-method> <!-- beforeTest -->
        <test-method signature="SignInforSignUp()[pri:0, instance:testScript.TC_SignUpInvitewithUserIdwithoutPassword@4d9e68d0]" started-at="2019-10-24T19:17:50Z" name="SignInforSignUp" finished-at="2019-10-24T19:18:00Z" duration-ms="10398" status="PASS">
          <reporter-output>
          </reporter-output>
        </test-method> <!-- SignInforSignUp -->
        <test-method signature="TC_SignUpwithEmailwithoutPassword()[pri:0, instance:testScript.TC_SignUpInvitewithUserIdwithoutPassword@4d9e68d0]" started-at="2019-10-24T19:18:00Z" name="TC_SignUpwithEmailwithoutPassword" finished-at="2019-10-24T19:18:15Z" duration-ms="15001" status="PASS">
          <reporter-output>
          </reporter-output>
        </test-method> <!-- TC_SignUpwithEmailwithoutPassword -->
        <test-method signature="TC_SignInafterRegister()[pri:0, instance:testScript.TC_SignUpInvitewithUserIdwithoutPassword@4d9e68d0]" started-at="2019-10-24T19:18:15Z" name="TC_SignInafterRegister" finished-at="2019-10-24T19:18:40Z" duration-ms="24527" status="PASS">
          <reporter-output>
          </reporter-output>
        </test-method> <!-- TC_SignInafterRegister -->
        <test-method is-config="true" signature="afterTest()[pri:0, instance:testScript.TC_SignUpInvitewithUserIdwithoutPassword@4d9e68d0]" started-at="2019-10-24T19:18:40Z" name="afterTest" finished-at="2019-10-24T19:18:40Z" duration-ms="130" status="PASS">
          <reporter-output>
          </reporter-output>
        </test-method> <!-- afterTest -->
      </class> <!-- testScript.TC_SignUpInvitewithUserIdwithoutPassword -->
    </test> <!-- SignUpInvitewithUserIdwithoutPassword -->
    <test started-at="2019-10-24T13:48:40Z" name="SignUpInvitewithEmailwithoutPassword" finished-at="2019-10-24T13:49:36Z" duration-ms="55746">
      <class name="testScript.TC_SignUpInvitewithEmailwithoutPassword">
        <test-method is-config="true" signature="beforeTest()[pri:0, instance:testScript.TC_SignUpInvitewithEmailwithoutPassword@15ff3e9e]" started-at="2019-10-24T19:18:40Z" name="beforeTest" finished-at="2019-10-24T19:18:45Z" duration-ms="5259" status="PASS">
          <reporter-output>
          </reporter-output>
        </test-method> <!-- beforeTest -->
        <test-method signature="SignInforSignUp()[pri:0, instance:testScript.TC_SignUpInvitewithEmailwithoutPassword@15ff3e9e]" started-at="2019-10-24T19:18:45Z" name="SignInforSignUp" finished-at="2019-10-24T19:18:56Z" duration-ms="10269" status="PASS">
          <reporter-output>
          </reporter-output>
        </test-method> <!-- SignInforSignUp -->
        <test-method signature="TC_SignUpwithEmailwithoutPassword()[pri:0, instance:testScript.TC_SignUpInvitewithEmailwithoutPassword@15ff3e9e]" started-at="2019-10-24T19:18:56Z" name="TC_SignUpwithEmailwithoutPassword" finished-at="2019-10-24T19:19:14Z" duration-ms="18757" status="PASS">
          <reporter-output>
          </reporter-output>
        </test-method> <!-- TC_SignUpwithEmailwithoutPassword -->
        <test-method signature="TC_SignInafterRegister()[pri:0, instance:testScript.TC_SignUpInvitewithEmailwithoutPassword@15ff3e9e]" started-at="2019-10-24T19:19:14Z" name="TC_SignInafterRegister" finished-at="2019-10-24T19:19:36Z" duration-ms="21259" status="PASS">
          <reporter-output>
          </reporter-output>
        </test-method> <!-- TC_SignInafterRegister -->
        <test-method is-config="true" signature="afterTest()[pri:0, instance:testScript.TC_SignUpInvitewithEmailwithoutPassword@15ff3e9e]" started-at="2019-10-24T19:19:36Z" name="afterTest" finished-at="2019-10-24T19:19:36Z" duration-ms="200" status="PASS">
          <reporter-output>
          </reporter-output>
        </test-method> <!-- afterTest -->
      </class> <!-- testScript.TC_SignUpInvitewithEmailwithoutPassword -->
    </test> <!-- SignUpInvitewithEmailwithoutPassword -->
  </suite> <!-- Suite -->
</testng-results>
