<?xml version="1.0" encoding="UTF-8"?>
<testng-results total="5" passed="5" failed="0" skipped="0">
  <reporter-output>
  </reporter-output>
  <suite started-at="2019-11-20T13:18:31Z" name="Default suite" finished-at="2019-11-20T13:19:58Z" duration-ms="86231">
    <groups>
    </groups>
    <test started-at="2019-11-20T13:18:31Z" name="Default test" finished-at="2019-11-20T13:19:58Z" duration-ms="86231">
      <class name="testScript.TC_CreateGroupwithInValidData">
        <test-method is-config="true" signature="beforeTest()[pri:0, instance:testScript.TC_CreateGroupwithInValidData@5dd6264]" started-at="2019-11-20T18:48:31Z" name="beforeTest" finished-at="2019-11-20T18:48:40Z" duration-ms="8274" status="PASS">
          <reporter-output>
          </reporter-output>
        </test-method> <!-- beforeTest -->
        <test-method signature="TC_SignIN()[pri:0, instance:testScript.TC_CreateGroupwithInValidData@5dd6264]" started-at="2019-11-20T18:48:40Z" name="TC_SignIN" finished-at="2019-11-20T18:49:06Z" duration-ms="26564" status="PASS">
          <reporter-output>
          </reporter-output>
        </test-method> <!-- TC_SignIN -->
        <test-method signature="TC_CreateGroupwithBlankData()[pri:0, instance:testScript.TC_CreateGroupwithInValidData@5dd6264]" started-at="2019-11-20T18:49:06Z" name="TC_CreateGroupwithBlankData" finished-at="2019-11-20T18:49:22Z" duration-ms="15673" status="PASS">
          <reporter-output>
          </reporter-output>
        </test-method> <!-- TC_CreateGroupwithBlankData -->
        <test-method signature="TC_CreateGroupwithInValidValues()[pri:0, instance:testScript.TC_CreateGroupwithInValidData@5dd6264]" started-at="2019-11-20T18:49:22Z" name="TC_CreateGroupwithInValidValues" finished-at="2019-11-20T18:49:41Z" duration-ms="19611" status="PASS">
          <reporter-output>
          </reporter-output>
        </test-method> <!-- TC_CreateGroupwithInValidValues -->
        <test-method signature="TC_CreateGroupwithoutAddingParticipants()[pri:0, instance:testScript.TC_CreateGroupwithInValidData@5dd6264]" started-at="2019-11-20T18:49:41Z" name="TC_CreateGroupwithoutAddingParticipants" finished-at="2019-11-20T18:49:55Z" duration-ms="13775" status="PASS">
          <reporter-output>
          </reporter-output>
        </test-method> <!-- TC_CreateGroupwithoutAddingParticipants -->
        <test-method signature="TC_SignOut()[pri:0, instance:testScript.TC_CreateGroupwithInValidData@5dd6264]" started-at="2019-11-20T18:49:55Z" name="TC_SignOut" finished-at="2019-11-20T18:49:57Z" duration-ms="2220" status="PASS">
          <reporter-output>
          </reporter-output>
        </test-method> <!-- TC_SignOut -->
        <test-method is-config="true" signature="afterTest()[pri:0, instance:testScript.TC_CreateGroupwithInValidData@5dd6264]" started-at="2019-11-20T18:49:57Z" name="afterTest" finished-at="2019-11-20T18:49:58Z" duration-ms="93" status="PASS">
          <reporter-output>
          </reporter-output>
        </test-method> <!-- afterTest -->
      </class> <!-- testScript.TC_CreateGroupwithInValidData -->
    </test> <!-- Default test -->
  </suite> <!-- Default suite -->
</testng-results>
