<?xml version="1.0" encoding="UTF-8"?>
<testng-results total="4" passed="3" failed="1" skipped="0">
  <reporter-output>
  </reporter-output>
  <suite started-at="2019-11-18T14:36:35Z" name="Default suite" finished-at="2019-11-18T14:38:02Z" duration-ms="86702">
    <groups>
    </groups>
    <test started-at="2019-11-18T14:36:35Z" name="Default test" finished-at="2019-11-18T14:38:02Z" duration-ms="86702">
      <class name="testScript.TC_Showme">
        <test-method is-config="true" signature="beforeTest()[pri:0, instance:testScript.TC_Showme@647fd8ce]" started-at="2019-11-18T20:06:35Z" name="beforeTest" finished-at="2019-11-18T20:06:41Z" duration-ms="5691" status="PASS">
          <reporter-output>
          </reporter-output>
        </test-method> <!-- beforeTest -->
        <test-method signature="TC_ValidDomainSubmission()[pri:0, instance:testScript.TC_Showme@647fd8ce]" started-at="2019-11-18T20:06:41Z" name="TC_ValidDomainSubmission" finished-at="2019-11-18T20:06:48Z" duration-ms="7275" status="PASS">
          <reporter-output>
          </reporter-output>
        </test-method> <!-- TC_ValidDomainSubmission -->
        <test-method signature="TC_SignIn()[pri:0, instance:testScript.TC_Showme@647fd8ce]" started-at="2019-11-18T20:06:48Z" name="TC_SignIn" finished-at="2019-11-18T20:06:59Z" duration-ms="10628" status="PASS">
          <reporter-output>
          </reporter-output>
        </test-method> <!-- TC_SignIn -->
        <test-method signature="TC_CreateSessionwithSMS()[pri:0, instance:testScript.TC_Showme@647fd8ce]" started-at="2019-11-18T20:06:59Z" name="TC_CreateSessionwithSMS" finished-at="2019-11-18T20:07:36Z" duration-ms="37419" status="PASS">
          <reporter-output>
          </reporter-output>
        </test-method> <!-- TC_CreateSessionwithSMS -->
        <test-method signature="TC_CreateSessionwithWhatsApp()[pri:0, instance:testScript.TC_Showme@647fd8ce]" started-at="2019-11-18T20:07:36Z" name="TC_CreateSessionwithWhatsApp" finished-at="2019-11-18T20:08:02Z" duration-ms="25670" status="FAIL">
          <exception class="java.util.NoSuchElementException">
            <full-stacktrace>
              <![CDATA[java.util.NoSuchElementException
	at java.base/java.util.LinkedHashMap$LinkedHashIterator.nextNode(LinkedHashMap.java:721)
	at java.base/java.util.LinkedHashMap$LinkedKeyIterator.next(LinkedHashMap.java:741)
	at commonFunctions.ApplicationUtility.popupWindowHandle(ApplicationUtility.java:155)
	at logicalView.CreateShowMeSessionwithWhatsApp.createSessionwithWhatsApp(CreateShowMeSessionwithWhatsApp.java:40)
	at testScript.TC_Showme.TC_CreateSessionwithWhatsApp(TC_Showme.java:48)
	at java.base/jdk.internal.reflect.NativeMethodAccessorImpl.invoke0(Native Method)
	at java.base/jdk.internal.reflect.NativeMethodAccessorImpl.invoke(NativeMethodAccessorImpl.java:62)
	at java.base/jdk.internal.reflect.DelegatingMethodAccessorImpl.invoke(DelegatingMethodAccessorImpl.java:43)
	at java.base/java.lang.reflect.Method.invoke(Method.java:567)
	at org.testng.internal.MethodInvocationHelper.invokeMethod(MethodInvocationHelper.java:84)
	at org.testng.internal.Invoker.invokeMethod(Invoker.java:714)
	at org.testng.internal.Invoker.invokeTestMethod(Invoker.java:901)
	at org.testng.internal.Invoker.invokeTestMethods(Invoker.java:1231)
	at org.testng.internal.TestMethodWorker.invokeTestMethods(TestMethodWorker.java:127)
	at org.testng.internal.TestMethodWorker.run(TestMethodWorker.java:111)
	at org.testng.TestRunner.privateRun(TestRunner.java:767)
	at org.testng.TestRunner.run(TestRunner.java:617)
	at org.testng.SuiteRunner.runTest(SuiteRunner.java:348)
	at org.testng.SuiteRunner.runSequentially(SuiteRunner.java:343)
	at org.testng.SuiteRunner.privateRun(SuiteRunner.java:305)
	at org.testng.SuiteRunner.run(SuiteRunner.java:254)
	at org.testng.SuiteRunnerWorker.runSuite(SuiteRunnerWorker.java:52)
	at org.testng.SuiteRunnerWorker.run(SuiteRunnerWorker.java:86)
	at org.testng.TestNG.runSuitesSequentially(TestNG.java:1224)
	at org.testng.TestNG.runSuitesLocally(TestNG.java:1149)
	at org.testng.TestNG.run(TestNG.java:1057)
	at org.testng.remote.AbstractRemoteTestNG.run(AbstractRemoteTestNG.java:115)
	at org.testng.remote.RemoteTestNG.initAndRun(RemoteTestNG.java:251)
	at org.testng.remote.RemoteTestNG.main(RemoteTestNG.java:77)
]]>
            </full-stacktrace>
          </exception> <!-- java.util.NoSuchElementException -->
          <reporter-output>
          </reporter-output>
        </test-method> <!-- TC_CreateSessionwithWhatsApp -->
      </class> <!-- testScript.TC_Showme -->
    </test> <!-- Default test -->
  </suite> <!-- Default suite -->
</testng-results>
