<?xml version="1.0" encoding="UTF-8"?>
<testng-results total="4" passed="4" failed="0" skipped="0">
  <reporter-output>
  </reporter-output>
  <suite started-at="2019-12-31T10:27:35Z" name="Default suite" finished-at="2019-12-31T10:29:05Z" duration-ms="89384">
    <groups>
    </groups>
    <test started-at="2019-12-31T10:27:35Z" name="Default test" finished-at="2019-12-31T10:29:05Z" duration-ms="89384">
      <class name="testScript.TC_ShowMewithCallExperienceValidData">
        <test-method is-config="true" signature="beforeTest()[pri:0, instance:testScript.TC_ShowMewithCallExperienceValidData@670002]" started-at="2019-12-31T15:57:35Z" name="beforeTest" finished-at="2019-12-31T15:57:44Z" duration-ms="9066" status="PASS">
          <reporter-output>
          </reporter-output>
        </test-method> <!-- beforeTest -->
        <test-method signature="TC_ValidDomainSubmission()[pri:0, instance:testScript.TC_ShowMewithCallExperienceValidData@670002]" started-at="2019-12-31T15:57:44Z" name="TC_ValidDomainSubmission" finished-at="2019-12-31T15:57:56Z" duration-ms="11307" status="PASS">
          <reporter-output>
          </reporter-output>
        </test-method> <!-- TC_ValidDomainSubmission -->
        <test-method signature="TC_SignIn()[pri:0, instance:testScript.TC_ShowMewithCallExperienceValidData@670002]" started-at="2019-12-31T15:57:56Z" name="TC_SignIn" finished-at="2019-12-31T15:58:11Z" duration-ms="14818" status="PASS">
          <reporter-output>
          </reporter-output>
        </test-method> <!-- TC_SignIn -->
        <test-method signature="TC_CreateSessionwithSMS()[pri:0, instance:testScript.TC_ShowMewithCallExperienceValidData@670002]" started-at="2019-12-31T15:58:11Z" name="TC_CreateSessionwithSMS" finished-at="2019-12-31T15:58:58Z" duration-ms="47246" status="PASS">
          <reporter-output>
          </reporter-output>
        </test-method> <!-- TC_CreateSessionwithSMS -->
        <test-method signature="TC_SignOut()[pri:0, instance:testScript.TC_ShowMewithCallExperienceValidData@670002]" started-at="2019-12-31T15:58:58Z" name="TC_SignOut" finished-at="2019-12-31T15:59:05Z" duration-ms="6801" status="PASS">
          <reporter-output>
          </reporter-output>
        </test-method> <!-- TC_SignOut -->
        <test-method is-config="true" signature="afterTest()[pri:0, instance:testScript.TC_ShowMewithCallExperienceValidData@670002]" started-at="2019-12-31T15:59:05Z" name="afterTest" finished-at="2019-12-31T15:59:05Z" duration-ms="127" status="PASS">
          <reporter-output>
          </reporter-output>
        </test-method> <!-- afterTest -->
      </class> <!-- testScript.TC_ShowMewithCallExperienceValidData -->
    </test> <!-- Default test -->
  </suite> <!-- Default suite -->
</testng-results>
