<?xml version="1.0" encoding="UTF-8"?>
<testng-results total="13" passed="13" failed="0" skipped="0">
  <reporter-output>
  </reporter-output>
  <suite started-at="2019-11-19T12:33:48Z" name="Default suite" finished-at="2019-11-19T12:37:41Z" duration-ms="232807">
    <groups>
    </groups>
    <test started-at="2019-11-19T12:33:48Z" name="Default test" finished-at="2019-11-19T12:37:41Z" duration-ms="232807">
      <class name="testScript.TC_Showme">
        <test-method is-config="true" signature="beforeTest()[pri:0, instance:testScript.TC_Showme@5e316c74]" started-at="2019-11-19T18:03:48Z" name="beforeTest" finished-at="2019-11-19T18:03:53Z" duration-ms="4930" status="PASS">
          <reporter-output>
          </reporter-output>
        </test-method> <!-- beforeTest -->
        <test-method signature="TC_ValidDomainSubmission()[pri:0, instance:testScript.TC_Showme@5e316c74]" started-at="2019-11-19T18:03:53Z" name="TC_ValidDomainSubmission" finished-at="2019-11-19T18:04:01Z" duration-ms="7270" status="PASS">
          <reporter-output>
          </reporter-output>
        </test-method> <!-- TC_ValidDomainSubmission -->
        <test-method signature="TC_SignIn()[pri:0, instance:testScript.TC_Showme@5e316c74]" started-at="2019-11-19T18:04:01Z" name="TC_SignIn" finished-at="2019-11-19T18:04:22Z" duration-ms="21163" status="PASS">
          <reporter-output>
          </reporter-output>
        </test-method> <!-- TC_SignIn -->
        <test-method signature="TC_CreateSessionwithSMS()[pri:0, instance:testScript.TC_Showme@5e316c74]" started-at="2019-11-19T18:04:22Z" name="TC_CreateSessionwithSMS" finished-at="2019-11-19T18:04:52Z" duration-ms="30045" status="PASS">
          <reporter-output>
          </reporter-output>
        </test-method> <!-- TC_CreateSessionwithSMS -->
        <test-method signature="TC_CreateSessionwithWhatsApp()[pri:0, instance:testScript.TC_Showme@5e316c74]" started-at="2019-11-19T18:04:52Z" name="TC_CreateSessionwithWhatsApp" finished-at="2019-11-19T18:05:27Z" duration-ms="35350" status="PASS">
          <reporter-output>
          </reporter-output>
        </test-method> <!-- TC_CreateSessionwithWhatsApp -->
        <test-method signature="TC_CreateSessionwithEmail()[pri:0, instance:testScript.TC_Showme@5e316c74]" started-at="2019-11-19T18:05:27Z" name="TC_CreateSessionwithEmail" finished-at="2019-11-19T18:06:02Z" duration-ms="35270" status="PASS">
          <reporter-output>
          </reporter-output>
        </test-method> <!-- TC_CreateSessionwithEmail -->
        <test-method signature="TC_CopySessionCode()[pri:0, instance:testScript.TC_Showme@5e316c74]" started-at="2019-11-19T18:06:02Z" name="TC_CopySessionCode" finished-at="2019-11-19T18:06:18Z" duration-ms="15484" status="PASS">
          <reporter-output>
          </reporter-output>
        </test-method> <!-- TC_CopySessionCode -->
        <test-method signature="TC_CopyGuestURL()[pri:0, instance:testScript.TC_Showme@5e316c74]" started-at="2019-11-19T18:06:18Z" name="TC_CopyGuestURL" finished-at="2019-11-19T18:06:36Z" duration-ms="18402" status="PASS">
          <reporter-output>
          </reporter-output>
        </test-method> <!-- TC_CopyGuestURL -->
        <test-method signature="TC_JoinCall()[pri:0, instance:testScript.TC_Showme@5e316c74]" started-at="2019-11-19T18:06:36Z" name="TC_JoinCall" finished-at="2019-11-19T18:07:02Z" duration-ms="25482" status="PASS">
          <reporter-output>
          </reporter-output>
        </test-method> <!-- TC_JoinCall -->
        <test-method signature="TC_InviteEllipsisOption()[pri:0, instance:testScript.TC_Showme@5e316c74]" started-at="2019-11-19T18:07:02Z" name="TC_InviteEllipsisOption" finished-at="2019-11-19T18:07:08Z" duration-ms="5793" status="PASS">
          <reporter-output>
          </reporter-output>
        </test-method> <!-- TC_InviteEllipsisOption -->
        <test-method signature="TC_CopySessionUrlEllipsisOptio()[pri:0, instance:testScript.TC_Showme@5e316c74]" started-at="2019-11-19T18:07:08Z" name="TC_CopySessionUrlEllipsisOptio" finished-at="2019-11-19T18:07:15Z" duration-ms="7539" status="PASS">
          <reporter-output>
          </reporter-output>
        </test-method> <!-- TC_CopySessionUrlEllipsisOptio -->
        <test-method signature="TC_EndSessionEllipsisOption()[pri:0, instance:testScript.TC_Showme@5e316c74]" started-at="2019-11-19T18:07:15Z" name="TC_EndSessionEllipsisOption" finished-at="2019-11-19T18:07:19Z" duration-ms="3354" status="PASS">
          <reporter-output>
          </reporter-output>
        </test-method> <!-- TC_EndSessionEllipsisOption -->
        <test-method signature="TC_DeleteSessionEllipsisOptio()[pri:0, instance:testScript.TC_Showme@5e316c74]" started-at="2019-11-19T18:07:19Z" name="TC_DeleteSessionEllipsisOptio" finished-at="2019-11-19T18:07:39Z" duration-ms="20198" status="PASS">
          <reporter-output>
          </reporter-output>
        </test-method> <!-- TC_DeleteSessionEllipsisOptio -->
        <test-method signature="TC_SignOut()[pri:0, instance:testScript.TC_Showme@5e316c74]" started-at="2019-11-19T18:07:39Z" name="TC_SignOut" finished-at="2019-11-19T18:07:41Z" duration-ms="2314" status="PASS">
          <reporter-output>
          </reporter-output>
        </test-method> <!-- TC_SignOut -->
        <test-method is-config="true" signature="afterTest()[pri:0, instance:testScript.TC_Showme@5e316c74]" started-at="2019-11-19T18:07:41Z" name="afterTest" finished-at="2019-11-19T18:07:41Z" duration-ms="182" status="PASS">
          <reporter-output>
          </reporter-output>
        </test-method> <!-- afterTest -->
      </class> <!-- testScript.TC_Showme -->
    </test> <!-- Default test -->
  </suite> <!-- Default suite -->
</testng-results>
