<?xml version="1.0" encoding="UTF-8"?>
<testng-results total="2" passed="2" failed="0" skipped="0">
  <reporter-output>
  </reporter-output>
  <suite started-at="2019-11-08T07:07:46Z" name="Default suite" finished-at="2019-11-08T07:08:18Z" duration-ms="31723">
    <groups>
    </groups>
    <test started-at="2019-11-08T07:07:46Z" name="Default test" finished-at="2019-11-08T07:08:18Z" duration-ms="31723">
      <class name="testScript.TC_LoginwithINValidDataCopy">
        <test-method is-config="true" signature="beforeTest()[pri:0, instance:testScript.TC_LoginwithINValidDataCopy@2ea227af]" started-at="2019-11-08T12:37:46Z" name="beforeTest" finished-at="2019-11-08T12:37:52Z" duration-ms="5689" status="PASS">
          <reporter-output>
          </reporter-output>
        </test-method> <!-- beforeTest -->
        <test-method signature="TC_ValidDomainSubmission()[pri:0, instance:testScript.TC_LoginwithINValidDataCopy@2ea227af]" started-at="2019-11-08T12:37:52Z" name="TC_ValidDomainSubmission" finished-at="2019-11-08T12:37:55Z" duration-ms="3508" status="PASS">
          <reporter-output>
          </reporter-output>
        </test-method> <!-- TC_ValidDomainSubmission -->
        <test-method signature="TC_InValidSignInwithRestrictions()[pri:0, instance:testScript.TC_LoginwithINValidDataCopy@2ea227af]" started-at="2019-11-08T12:37:55Z" name="TC_InValidSignInwithRestrictions" finished-at="2019-11-08T12:38:18Z" duration-ms="22510" status="PASS">
          <reporter-output>
          </reporter-output>
        </test-method> <!-- TC_InValidSignInwithRestrictions -->
      </class> <!-- testScript.TC_LoginwithINValidDataCopy -->
    </test> <!-- Default test -->
  </suite> <!-- Default suite -->
</testng-results>
