<?xml version="1.0" encoding="UTF-8"?>
<testng-results total="3" passed="3" failed="0" skipped="0">
  <reporter-output>
  </reporter-output>
  <suite started-at="2019-11-22T13:41:52Z" name="Default suite" finished-at="2019-11-22T13:42:42Z" duration-ms="49927">
    <groups>
    </groups>
    <test started-at="2019-11-22T13:41:52Z" name="Default test" finished-at="2019-11-22T13:42:42Z" duration-ms="49927">
      <class name="testScript.TC_Contacts">
        <test-method is-config="true" signature="beforeTest()[pri:0, instance:testScript.TC_Contacts@6193932a]" started-at="2019-11-22T19:11:52Z" name="beforeTest" finished-at="2019-11-22T19:11:58Z" duration-ms="5900" status="PASS">
          <reporter-output>
          </reporter-output>
        </test-method> <!-- beforeTest -->
        <test-method signature="TC_ValidDomainSubmission()[pri:0, instance:testScript.TC_Contacts@6193932a]" started-at="2019-11-22T19:11:58Z" name="TC_ValidDomainSubmission" finished-at="2019-11-22T19:12:04Z" duration-ms="6106" status="PASS">
          <reporter-output>
          </reporter-output>
        </test-method> <!-- TC_ValidDomainSubmission -->
        <test-method signature="TC_SignIn()[pri:0, instance:testScript.TC_Contacts@6193932a]" started-at="2019-11-22T19:12:04Z" name="TC_SignIn" finished-at="2019-11-22T19:12:16Z" duration-ms="11678" status="PASS">
          <reporter-output>
          </reporter-output>
        </test-method> <!-- TC_SignIn -->
        <test-method signature="TC_ContactsIN()[pri:0, instance:testScript.TC_Contacts@6193932a]" started-at="2019-11-22T19:12:16Z" name="TC_ContactsIN" finished-at="2019-11-22T19:12:42Z" duration-ms="26220" status="PASS">
          <reporter-output>
          </reporter-output>
        </test-method> <!-- TC_ContactsIN -->
      </class> <!-- testScript.TC_Contacts -->
    </test> <!-- Default test -->
  </suite> <!-- Default suite -->
</testng-results>
