<?xml version="1.0" encoding="UTF-8"?>
<testng-results total="3" passed="3" failed="0" skipped="0">
  <reporter-output>
  </reporter-output>
  <suite started-at="2019-12-11T13:57:17Z" name="Default suite" finished-at="2019-12-11T13:58:19Z" duration-ms="61829">
    <groups>
    </groups>
    <test started-at="2019-12-11T13:57:17Z" name="Default test" finished-at="2019-12-11T13:58:19Z" duration-ms="61829">
      <class name="testScript.TC_PublishVideo">
        <test-method is-config="true" signature="beforeTest()[pri:0, instance:testScript.TC_PublishVideo@7f010382]" started-at="2019-12-11T19:27:17Z" name="beforeTest" finished-at="2019-12-11T19:27:34Z" duration-ms="16534" status="PASS">
          <reporter-output>
          </reporter-output>
        </test-method> <!-- beforeTest -->
        <test-method signature="TC_ValidDomainSubmission()[pri:0, instance:testScript.TC_PublishVideo@7f010382]" started-at="2019-12-11T19:27:34Z" name="TC_ValidDomainSubmission" finished-at="2019-12-11T19:27:49Z" duration-ms="15440" status="PASS">
          <reporter-output>
          </reporter-output>
        </test-method> <!-- TC_ValidDomainSubmission -->
        <test-method signature="TC_SignIn()[pri:0, instance:testScript.TC_PublishVideo@7f010382]" started-at="2019-12-11T19:27:49Z" name="TC_SignIn" finished-at="2019-12-11T19:28:04Z" duration-ms="14620" status="PASS">
          <reporter-output>
          </reporter-output>
        </test-method> <!-- TC_SignIn -->
        <test-method signature="TC_Contactswith1to1Inquiry()[pri:0, instance:testScript.TC_PublishVideo@7f010382]" started-at="2019-12-11T19:28:04Z" name="TC_Contactswith1to1Inquiry" finished-at="2019-12-11T19:28:19Z" duration-ms="15219" status="PASS">
          <reporter-output>
          </reporter-output>
        </test-method> <!-- TC_Contactswith1to1Inquiry -->
      </class> <!-- testScript.TC_PublishVideo -->
    </test> <!-- Default test -->
  </suite> <!-- Default suite -->
</testng-results>
