<?xml version="1.0" encoding="UTF-8"?>
<testng-results total="3" passed="3" failed="0" skipped="0">
  <reporter-output>
  </reporter-output>
  <suite started-at="2019-11-06T13:10:50Z" name="Default suite" finished-at="2019-11-06T13:11:15Z" duration-ms="24584">
    <groups>
    </groups>
    <test started-at="2019-11-06T13:10:50Z" name="Default test" finished-at="2019-11-06T13:11:15Z" duration-ms="24584">
      <class name="testScript.TC_InquiryInternalFunctionalities">
        <test-method is-config="true" signature="beforeTest()[pri:0, instance:testScript.TC_InquiryInternalFunctionalities@4690b489]" started-at="2019-11-06T18:40:50Z" name="beforeTest" finished-at="2019-11-06T18:40:56Z" duration-ms="5839" status="PASS">
          <reporter-output>
          </reporter-output>
        </test-method> <!-- beforeTest -->
        <test-method signature="TC_ValidDomainSubmission()[pri:0, instance:testScript.TC_InquiryInternalFunctionalities@4690b489]" started-at="2019-11-06T18:40:56Z" name="TC_ValidDomainSubmission" finished-at="2019-11-06T18:41:00Z" duration-ms="3526" status="PASS">
          <reporter-output>
          </reporter-output>
        </test-method> <!-- TC_ValidDomainSubmission -->
        <test-method signature="TC_SignIn()[pri:0, instance:testScript.TC_InquiryInternalFunctionalities@4690b489]" started-at="2019-11-06T18:41:00Z" name="TC_SignIn" finished-at="2019-11-06T18:41:10Z" duration-ms="10660" status="PASS">
          <reporter-output>
          </reporter-output>
        </test-method> <!-- TC_SignIn -->
        <test-method signature="TC_InquiryList()[pri:0, instance:testScript.TC_InquiryInternalFunctionalities@4690b489]" started-at="2019-11-06T18:41:10Z" name="TC_InquiryList" finished-at="2019-11-06T18:41:15Z" duration-ms="4466" status="PASS">
          <reporter-output>
          </reporter-output>
        </test-method> <!-- TC_InquiryList -->
        <test-method is-config="true" signature="afterTest()[pri:0, instance:testScript.TC_InquiryInternalFunctionalities@4690b489]" started-at="2019-11-06T18:41:15Z" name="afterTest" finished-at="2019-11-06T18:41:15Z" duration-ms="73" status="PASS">
          <reporter-output>
          </reporter-output>
        </test-method> <!-- afterTest -->
      </class> <!-- testScript.TC_InquiryInternalFunctionalities -->
    </test> <!-- Default test -->
  </suite> <!-- Default suite -->
</testng-results>
