<?xml version="1.0" encoding="UTF-8"?>
<testng-results total="3" passed="3" failed="0" skipped="0">
  <reporter-output>
  </reporter-output>
  <suite started-at="2019-11-05T14:22:01Z" name="Default suite" finished-at="2019-11-05T14:22:51Z" duration-ms="50211">
    <groups>
    </groups>
    <test started-at="2019-11-05T14:22:01Z" name="Default test" finished-at="2019-11-05T14:22:51Z" duration-ms="50211">
      <class name="testScript.TC_InquiryInternalFunctionalities">
        <test-method is-config="true" signature="beforeTest()[pri:0, instance:testScript.TC_InquiryInternalFunctionalities@4690b489]" started-at="2019-11-05T19:52:01Z" name="beforeTest" finished-at="2019-11-05T19:52:07Z" duration-ms="6672" status="PASS">
          <reporter-output>
          </reporter-output>
        </test-method> <!-- beforeTest -->
        <test-method signature="TC_ValidDomainSubmission()[pri:0, instance:testScript.TC_InquiryInternalFunctionalities@4690b489]" started-at="2019-11-05T19:52:07Z" name="TC_ValidDomainSubmission" finished-at="2019-11-05T19:52:11Z" duration-ms="3663" status="PASS">
          <reporter-output>
          </reporter-output>
        </test-method> <!-- TC_ValidDomainSubmission -->
        <test-method signature="TC_SignIn()[pri:0, instance:testScript.TC_InquiryInternalFunctionalities@4690b489]" started-at="2019-11-05T19:52:11Z" name="TC_SignIn" finished-at="2019-11-05T19:52:23Z" duration-ms="12295" status="PASS">
          <reporter-output>
          </reporter-output>
        </test-method> <!-- TC_SignIn -->
        <test-method signature="TC_ArchiveInquiry()[pri:0, instance:testScript.TC_InquiryInternalFunctionalities@4690b489]" started-at="2019-11-05T19:52:23Z" name="TC_ArchiveInquiry" finished-at="2019-11-05T19:52:51Z" duration-ms="27473" status="PASS">
          <reporter-output>
          </reporter-output>
        </test-method> <!-- TC_ArchiveInquiry -->
        <test-method is-config="true" signature="afterTest()[pri:0, instance:testScript.TC_InquiryInternalFunctionalities@4690b489]" started-at="2019-11-05T19:52:51Z" name="afterTest" finished-at="2019-11-05T19:52:51Z" duration-ms="88" status="PASS">
          <reporter-output>
          </reporter-output>
        </test-method> <!-- afterTest -->
      </class> <!-- testScript.TC_InquiryInternalFunctionalities -->
    </test> <!-- Default test -->
  </suite> <!-- Default suite -->
</testng-results>
