<?xml version="1.0" encoding="UTF-8"?>
<testng-results total="26" passed="26" failed="0" skipped="0">
  <reporter-output>
  </reporter-output>
  <suite started-at="2019-11-08T12:00:25Z" name="Suite" finished-at="2019-11-08T12:05:35Z" duration-ms="310166">
    <groups>
    </groups>
    <test started-at="2019-11-08T12:00:25Z" name="Create New Inquiry" finished-at="2019-11-08T12:01:17Z" duration-ms="51518">
      <class name="testScript.TC_NewInquiry">
        <test-method is-config="true" signature="beforeTest()[pri:0, instance:testScript.TC_NewInquiry@79b06cab]" started-at="2019-11-08T17:30:25Z" name="beforeTest" finished-at="2019-11-08T17:30:30Z" duration-ms="5061" status="PASS">
          <reporter-output>
          </reporter-output>
        </test-method> <!-- beforeTest -->
        <test-method signature="TC_ValidDomainSubmission()[pri:0, instance:testScript.TC_NewInquiry@79b06cab]" started-at="2019-11-08T17:30:30Z" name="TC_ValidDomainSubmission" finished-at="2019-11-08T17:30:34Z" duration-ms="3641" status="PASS">
          <reporter-output>
          </reporter-output>
        </test-method> <!-- TC_ValidDomainSubmission -->
        <test-method signature="TC_SignIn()[pri:0, instance:testScript.TC_NewInquiry@79b06cab]" started-at="2019-11-08T17:30:34Z" name="TC_SignIn" finished-at="2019-11-08T17:30:43Z" duration-ms="9090" status="PASS">
          <reporter-output>
          </reporter-output>
        </test-method> <!-- TC_SignIn -->
        <test-method signature="TC_CreateNewInquiry()[pri:0, instance:testScript.TC_NewInquiry@79b06cab]" started-at="2019-11-08T17:30:43Z" name="TC_CreateNewInquiry" finished-at="2019-11-08T17:31:14Z" duration-ms="31295" status="PASS">
          <reporter-output>
          </reporter-output>
        </test-method> <!-- TC_CreateNewInquiry -->
        <test-method signature="TC_SignOut()[pri:0, instance:testScript.TC_NewInquiry@79b06cab]" started-at="2019-11-08T17:31:14Z" name="TC_SignOut" finished-at="2019-11-08T17:31:17Z" duration-ms="2277" status="PASS">
          <reporter-output>
          </reporter-output>
        </test-method> <!-- TC_SignOut -->
        <test-method is-config="true" signature="afterTest()[pri:0, instance:testScript.TC_NewInquiry@79b06cab]" started-at="2019-11-08T17:31:17Z" name="afterTest" finished-at="2019-11-08T17:31:17Z" duration-ms="129" status="PASS">
          <reporter-output>
          </reporter-output>
        </test-method> <!-- afterTest -->
      </class> <!-- testScript.TC_NewInquiry -->
    </test> <!-- Create New Inquiry -->
    <test started-at="2019-11-08T12:01:17Z" name="Create New Inquiry with Invalid Data" finished-at="2019-11-08T12:02:17Z" duration-ms="60061">
      <class name="testScript.TC_NewInquirywithInvalidData">
        <test-method is-config="true" signature="beforeTest()[pri:0, instance:testScript.TC_NewInquirywithInvalidData@2667f029]" started-at="2019-11-08T17:31:17Z" name="beforeTest" finished-at="2019-11-08T17:31:22Z" duration-ms="5652" status="PASS">
          <reporter-output>
          </reporter-output>
        </test-method> <!-- beforeTest -->
        <test-method signature="TC_ValidDomainSubmission()[pri:0, instance:testScript.TC_NewInquirywithInvalidData@2667f029]" started-at="2019-11-08T17:31:22Z" name="TC_ValidDomainSubmission" finished-at="2019-11-08T17:31:26Z" duration-ms="3522" status="PASS">
          <reporter-output>
          </reporter-output>
        </test-method> <!-- TC_ValidDomainSubmission -->
        <test-method signature="TC_SignIn()[pri:0, instance:testScript.TC_NewInquirywithInvalidData@2667f029]" started-at="2019-11-08T17:31:26Z" name="TC_SignIn" finished-at="2019-11-08T17:31:36Z" duration-ms="10227" status="PASS">
          <reporter-output>
          </reporter-output>
        </test-method> <!-- TC_SignIn -->
        <test-method signature="TC_CreateNewInquirywithInvalidValues()[pri:0, instance:testScript.TC_NewInquirywithInvalidData@2667f029]" started-at="2019-11-08T17:31:36Z" name="TC_CreateNewInquirywithInvalidValues" finished-at="2019-11-08T17:32:05Z" duration-ms="29330" status="PASS">
          <reporter-output>
          </reporter-output>
        </test-method> <!-- TC_CreateNewInquirywithInvalidValues -->
        <test-method signature="TC_CreateNewInquirywithBlankValues()[pri:0, instance:testScript.TC_NewInquirywithInvalidData@2667f029]" started-at="2019-11-08T17:32:05Z" name="TC_CreateNewInquirywithBlankValues" finished-at="2019-11-08T17:32:14Z" duration-ms="8944" status="PASS">
          <reporter-output>
          </reporter-output>
        </test-method> <!-- TC_CreateNewInquirywithBlankValues -->
        <test-method signature="TC_SignOut()[pri:0, instance:testScript.TC_NewInquirywithInvalidData@2667f029]" started-at="2019-11-08T17:32:14Z" name="TC_SignOut" finished-at="2019-11-08T17:32:17Z" duration-ms="2194" status="PASS">
          <reporter-output>
          </reporter-output>
        </test-method> <!-- TC_SignOut -->
        <test-method is-config="true" signature="afterTest()[pri:0, instance:testScript.TC_NewInquirywithInvalidData@2667f029]" started-at="2019-11-08T17:32:17Z" name="afterTest" finished-at="2019-11-08T17:32:17Z" duration-ms="182" status="PASS">
          <reporter-output>
          </reporter-output>
        </test-method> <!-- afterTest -->
      </class> <!-- testScript.TC_NewInquirywithInvalidData -->
    </test> <!-- Create New Inquiry with Invalid Data -->
    <test started-at="2019-11-08T12:02:17Z" name="Inquiry Internal Functionalities" finished-at="2019-11-08T12:05:35Z" duration-ms="198559">
      <class name="testScript.TC_InquiryInternalFunctionalities">
        <test-method is-config="true" signature="beforeTest()[pri:0, instance:testScript.TC_InquiryInternalFunctionalities@1139b2f3]" started-at="2019-11-08T17:32:17Z" name="beforeTest" finished-at="2019-11-08T17:32:23Z" duration-ms="6590" status="PASS">
          <reporter-output>
          </reporter-output>
        </test-method> <!-- beforeTest -->
        <test-method signature="TC_ValidDomainSubmission()[pri:0, instance:testScript.TC_InquiryInternalFunctionalities@1139b2f3]" started-at="2019-11-08T17:32:23Z" name="TC_ValidDomainSubmission" finished-at="2019-11-08T17:32:36Z" duration-ms="12441" status="PASS">
          <reporter-output>
          </reporter-output>
        </test-method> <!-- TC_ValidDomainSubmission -->
        <test-method signature="TC_InquiryList()[pri:0, instance:testScript.TC_InquiryInternalFunctionalities@1139b2f3]" started-at="2019-11-08T17:32:36Z" name="TC_InquiryList" finished-at="2019-11-08T17:32:40Z" duration-ms="4613" status="PASS">
          <reporter-output>
          </reporter-output>
        </test-method> <!-- TC_InquiryList -->
        <test-method signature="TC_ViewImage()[pri:0, instance:testScript.TC_InquiryInternalFunctionalities@1139b2f3]" started-at="2019-11-08T17:32:40Z" name="TC_ViewImage" finished-at="2019-11-08T17:32:51Z" duration-ms="10521" status="PASS">
          <reporter-output>
          </reporter-output>
        </test-method> <!-- TC_ViewImage -->
        <test-method signature="TC_SendMessageToChat()[pri:0, instance:testScript.TC_InquiryInternalFunctionalities@1139b2f3]" started-at="2019-11-08T17:32:51Z" name="TC_SendMessageToChat" finished-at="2019-11-08T17:32:56Z" duration-ms="4879" status="PASS">
          <reporter-output>
          </reporter-output>
        </test-method> <!-- TC_SendMessageToChat -->
        <test-method signature="TC_AttachMediaPhoto()[pri:0, instance:testScript.TC_InquiryInternalFunctionalities@1139b2f3]" started-at="2019-11-08T17:32:56Z" name="TC_AttachMediaPhoto" finished-at="2019-11-08T17:33:07Z" duration-ms="11211" status="PASS">
          <reporter-output>
          </reporter-output>
        </test-method> <!-- TC_AttachMediaPhoto -->
        <test-method signature="TC_AttachMediaVideo()[pri:0, instance:testScript.TC_InquiryInternalFunctionalities@1139b2f3]" started-at="2019-11-08T17:33:07Z" name="TC_AttachMediaVideo" finished-at="2019-11-08T17:33:17Z" duration-ms="9976" status="PASS">
          <reporter-output>
          </reporter-output>
        </test-method> <!-- TC_AttachMediaVideo -->
        <test-method signature="TC_AttachMediaDocument()[pri:0, instance:testScript.TC_InquiryInternalFunctionalities@1139b2f3]" started-at="2019-11-08T17:33:17Z" name="TC_AttachMediaDocument" finished-at="2019-11-08T17:33:26Z" duration-ms="8950" status="PASS">
          <reporter-output>
          </reporter-output>
        </test-method> <!-- TC_AttachMediaDocument -->
        <test-method signature="TC_AddParticipantInInquiry()[pri:0, instance:testScript.TC_InquiryInternalFunctionalities@1139b2f3]" started-at="2019-11-08T17:33:26Z" name="TC_AddParticipantInInquiry" finished-at="2019-11-08T17:33:58Z" duration-ms="32352" status="PASS">
          <reporter-output>
          </reporter-output>
        </test-method> <!-- TC_AddParticipantInInquiry -->
        <test-method signature="TC_AddNotes()[pri:0, instance:testScript.TC_InquiryInternalFunctionalities@1139b2f3]" started-at="2019-11-08T17:33:58Z" name="TC_AddNotes" finished-at="2019-11-08T17:34:04Z" duration-ms="5534" status="PASS">
          <reporter-output>
          </reporter-output>
        </test-method> <!-- TC_AddNotes -->
        <test-method signature="TC_EditNotes()[pri:0, instance:testScript.TC_InquiryInternalFunctionalities@1139b2f3]" started-at="2019-11-08T17:34:04Z" name="TC_EditNotes" finished-at="2019-11-08T17:34:11Z" duration-ms="7479" status="PASS">
          <reporter-output>
          </reporter-output>
        </test-method> <!-- TC_EditNotes -->
        <test-method signature="TC_DeleteNotes()[pri:0, instance:testScript.TC_InquiryInternalFunctionalities@1139b2f3]" started-at="2019-11-08T17:34:11Z" name="TC_DeleteNotes" finished-at="2019-11-08T17:34:18Z" duration-ms="6227" status="PASS">
          <reporter-output>
          </reporter-output>
        </test-method> <!-- TC_DeleteNotes -->
        <test-method signature="TC_RemoveParticipant()[pri:0, instance:testScript.TC_InquiryInternalFunctionalities@1139b2f3]" started-at="2019-11-08T17:34:18Z" name="TC_RemoveParticipant" finished-at="2019-11-08T17:34:29Z" duration-ms="11726" status="PASS">
          <reporter-output>
          </reporter-output>
        </test-method> <!-- TC_RemoveParticipant -->
        <test-method signature="TC_ArchiveInquiry()[pri:0, instance:testScript.TC_InquiryInternalFunctionalities@1139b2f3]" started-at="2019-11-08T17:34:29Z" name="TC_ArchiveInquiry" finished-at="2019-11-08T17:34:38Z" duration-ms="8390" status="PASS">
          <reporter-output>
          </reporter-output>
        </test-method> <!-- TC_ArchiveInquiry -->
        <test-method signature="TC_UnArchiveInquiry()[pri:0, instance:testScript.TC_InquiryInternalFunctionalities@1139b2f3]" started-at="2019-11-08T17:34:38Z" name="TC_UnArchiveInquiry" finished-at="2019-11-08T17:35:06Z" duration-ms="27873" status="PASS">
          <reporter-output>
          </reporter-output>
        </test-method> <!-- TC_UnArchiveInquiry -->
        <test-method signature="TC_VideoCall()[pri:0, instance:testScript.TC_InquiryInternalFunctionalities@1139b2f3]" started-at="2019-11-08T17:35:06Z" name="TC_VideoCall" finished-at="2019-11-08T17:35:20Z" duration-ms="14164" status="PASS">
          <reporter-output>
          </reporter-output>
        </test-method> <!-- TC_VideoCall -->
        <test-method signature="TC_EditInquiryDetails()[pri:0, instance:testScript.TC_InquiryInternalFunctionalities@1139b2f3]" started-at="2019-11-08T17:35:20Z" name="TC_EditInquiryDetails" finished-at="2019-11-08T17:35:33Z" duration-ms="13258" status="PASS">
          <reporter-output>
          </reporter-output>
        </test-method> <!-- TC_EditInquiryDetails -->
        <test-method signature="TC_SignOut()[pri:0, instance:testScript.TC_InquiryInternalFunctionalities@1139b2f3]" started-at="2019-11-08T17:35:33Z" name="TC_SignOut" finished-at="2019-11-08T17:35:35Z" duration-ms="2263" status="PASS">
          <reporter-output>
          </reporter-output>
        </test-method> <!-- TC_SignOut -->
        <test-method is-config="true" signature="afterTest()[pri:0, instance:testScript.TC_InquiryInternalFunctionalities@1139b2f3]" started-at="2019-11-08T17:35:35Z" name="afterTest" finished-at="2019-11-08T17:35:35Z" duration-ms="87" status="PASS">
          <reporter-output>
          </reporter-output>
        </test-method> <!-- afterTest -->
      </class> <!-- testScript.TC_InquiryInternalFunctionalities -->
    </test> <!-- Inquiry Internal Functionalities -->
  </suite> <!-- Suite -->
</testng-results>
