<?xml version="1.0" encoding="UTF-8"?>
<testng-results total="9" passed="9" failed="0" skipped="0">
  <reporter-output>
  </reporter-output>
  <suite started-at="2019-12-17T12:46:14Z" name="Suite" finished-at="2019-12-17T12:49:51Z" duration-ms="217752">
    <groups>
    </groups>
    <test started-at="2019-12-17T12:46:14Z" name="UploadDocumentwithValidFormats" finished-at="2019-12-17T12:48:11Z" duration-ms="117609">
      <class name="testScript.TC_UploadDocuments">
        <test-method is-config="true" signature="beforeTest()[pri:0, instance:testScript.TC_UploadDocuments@778d1062]" started-at="2019-12-17T18:16:14Z" name="beforeTest" finished-at="2019-12-17T18:16:30Z" duration-ms="15935" status="PASS">
          <reporter-output>
          </reporter-output>
        </test-method> <!-- beforeTest -->
        <test-method signature="TC_ValidDomainSubmission()[pri:0, instance:testScript.TC_UploadDocuments@778d1062]" started-at="2019-12-17T18:16:30Z" name="TC_ValidDomainSubmission" finished-at="2019-12-17T18:16:45Z" duration-ms="15333" status="PASS">
          <reporter-output>
          </reporter-output>
        </test-method> <!-- TC_ValidDomainSubmission -->
        <test-method signature="TC_SignIn()[pri:0, instance:testScript.TC_UploadDocuments@778d1062]" started-at="2019-12-17T18:16:45Z" name="TC_SignIn" finished-at="2019-12-17T18:17:00Z" duration-ms="14645" status="PASS">
          <reporter-output>
          </reporter-output>
        </test-method> <!-- TC_SignIn -->
        <test-method signature="TC_UploadDocument()[pri:0, instance:testScript.TC_UploadDocuments@778d1062]" started-at="2019-12-17T18:17:00Z" name="TC_UploadDocument" finished-at="2019-12-17T18:18:05Z" duration-ms="65348" status="PASS">
          <reporter-output>
          </reporter-output>
        </test-method> <!-- TC_UploadDocument -->
        <test-method signature="TC_SignOut()[pri:0, instance:testScript.TC_UploadDocuments@778d1062]" started-at="2019-12-17T18:18:05Z" name="TC_SignOut" finished-at="2019-12-17T18:18:11Z" duration-ms="6202" status="PASS">
          <reporter-output>
          </reporter-output>
        </test-method> <!-- TC_SignOut -->
        <test-method is-config="true" signature="afterTest()[pri:0, instance:testScript.TC_UploadDocuments@778d1062]" started-at="2019-12-17T18:18:11Z" name="afterTest" finished-at="2019-12-17T18:18:11Z" duration-ms="129" status="PASS">
          <reporter-output>
          </reporter-output>
        </test-method> <!-- afterTest -->
      </class> <!-- testScript.TC_UploadDocuments -->
    </test> <!-- UploadDocumentwithValidFormats -->
    <test started-at="2019-12-17T12:48:11Z" name="UploadDocumentwithInvalidFormats" finished-at="2019-12-17T12:49:51Z" duration-ms="100081">
      <class name="testScript.TC_UploadDocumentswithInvalidData">
        <test-method is-config="true" signature="beforeTest()[pri:0, instance:testScript.TC_UploadDocumentswithInvalidData@be64738]" started-at="2019-12-17T18:18:11Z" name="beforeTest" finished-at="2019-12-17T18:18:27Z" duration-ms="15179" status="PASS">
          <reporter-output>
          </reporter-output>
        </test-method> <!-- beforeTest -->
        <test-method signature="TC_ValidDomainSubmission()[pri:0, instance:testScript.TC_UploadDocumentswithInvalidData@be64738]" started-at="2019-12-17T18:18:27Z" name="TC_ValidDomainSubmission" finished-at="2019-12-17T18:18:42Z" duration-ms="15318" status="PASS">
          <reporter-output>
          </reporter-output>
        </test-method> <!-- TC_ValidDomainSubmission -->
        <test-method signature="TC_SignIn()[pri:0, instance:testScript.TC_UploadDocumentswithInvalidData@be64738]" started-at="2019-12-17T18:18:42Z" name="TC_SignIn" finished-at="2019-12-17T18:18:56Z" duration-ms="14654" status="PASS">
          <reporter-output>
          </reporter-output>
        </test-method> <!-- TC_SignIn -->
        <test-method signature="TC_UploadDocumentwithBlankValue()[pri:0, instance:testScript.TC_UploadDocumentswithInvalidData@be64738]" started-at="2019-12-17T18:18:56Z" name="TC_UploadDocumentwithBlankValue" finished-at="2019-12-17T18:19:27Z" duration-ms="30787" status="PASS">
          <reporter-output>
          </reporter-output>
        </test-method> <!-- TC_UploadDocumentwithBlankValue -->
        <test-method signature="TC_UploadDocumentwithInvalidValue()[pri:0, instance:testScript.TC_UploadDocumentswithInvalidData@be64738]" started-at="2019-12-17T18:19:27Z" name="TC_UploadDocumentwithInvalidValue" finished-at="2019-12-17T18:19:45Z" duration-ms="17788" status="PASS">
          <reporter-output>
          </reporter-output>
        </test-method> <!-- TC_UploadDocumentwithInvalidValue -->
        <test-method signature="TC_SignOut()[pri:0, instance:testScript.TC_UploadDocumentswithInvalidData@be64738]" started-at="2019-12-17T18:19:45Z" name="TC_SignOut" finished-at="2019-12-17T18:19:51Z" duration-ms="6194" status="PASS">
          <reporter-output>
          </reporter-output>
        </test-method> <!-- TC_SignOut -->
        <test-method is-config="true" signature="afterTest()[pri:0, instance:testScript.TC_UploadDocumentswithInvalidData@be64738]" started-at="2019-12-17T18:19:51Z" name="afterTest" finished-at="2019-12-17T18:19:51Z" duration-ms="151" status="PASS">
          <reporter-output>
          </reporter-output>
        </test-method> <!-- afterTest -->
      </class> <!-- testScript.TC_UploadDocumentswithInvalidData -->
    </test> <!-- UploadDocumentwithInvalidFormats -->
  </suite> <!-- Suite -->
</testng-results>
