<?xml version="1.0" encoding="UTF-8"?>
<testng-results total="0" passed="0" failed="0" skipped="0">
  <reporter-output>
  </reporter-output>
  <suite started-at="2019-10-21T11:54:08Z" name="Suite" finished-at="2019-10-21T11:54:08Z" duration-ms="96">
    <groups>
    </groups>
    <test started-at="2019-10-21T11:54:08Z" name="NeedHelp" finished-at="2019-10-21T11:54:08Z" duration-ms="5">
    </test> <!-- NeedHelp -->
    <test started-at="2019-10-21T11:54:08Z" name="DomainwithINValidData" finished-at="2019-10-21T11:54:08Z" duration-ms="0">
    </test> <!-- DomainwithINValidData -->
    <test started-at="2019-10-21T11:54:08Z" name="DomainwithValidData" finished-at="2019-10-21T11:54:08Z" duration-ms="1">
    </test> <!-- DomainwithValidData -->
    <test started-at="2019-10-21T11:54:08Z" name="ForgotPasswordwithINValidData" finished-at="2019-10-21T11:54:08Z" duration-ms="1">
    </test> <!-- ForgotPasswordwithINValidData -->
    <test started-at="2019-10-21T11:54:08Z" name="ForgotPasswordwithValidData" finished-at="2019-10-21T11:54:08Z" duration-ms="0">
    </test> <!-- ForgotPasswordwithValidData -->
    <test started-at="2019-10-21T11:54:08Z" name="LoginwithINValidData" finished-at="2019-10-21T11:54:08Z" duration-ms="1">
    </test> <!-- LoginwithINValidData -->
    <test started-at="2019-10-21T11:54:08Z" name="LoginwithValidData" finished-at="2019-10-21T11:54:08Z" duration-ms="1">
    </test> <!-- LoginwithValidData -->
    <test started-at="2019-10-21T11:54:08Z" name="SignUpwithINValidData" finished-at="2019-10-21T11:54:08Z" duration-ms="1">
    </test> <!-- SignUpwithINValidData -->
    <test started-at="2019-10-21T11:54:08Z" name="SignUpwithValidData" finished-at="2019-10-21T11:54:08Z" duration-ms="0">
    </test> <!-- SignUpwithValidData -->
    <test started-at="2019-10-21T11:54:08Z" name="SignUpInvitewithValidData" finished-at="2019-10-21T11:54:08Z" duration-ms="1">
    </test> <!-- SignUpInvitewithValidData -->
  </suite> <!-- Suite -->
</testng-results>
