<?xml version="1.0" encoding="UTF-8"?>
<testng-results total="3" passed="3" failed="0" skipped="0">
  <reporter-output>
  </reporter-output>
  <suite started-at="2019-10-31T13:50:32Z" name="Default suite" finished-at="2019-10-31T13:51:24Z" duration-ms="52112">
    <groups>
    </groups>
    <test started-at="2019-10-31T13:50:32Z" name="Default test" finished-at="2019-10-31T13:51:24Z" duration-ms="52112">
      <class name="testScript.TC_NewInquirywithBothContactsGroups">
        <test-method is-config="true" signature="beforeTest()[pri:0, instance:testScript.TC_NewInquirywithBothContactsGroups@79b06cab]" started-at="2019-10-31T19:20:32Z" name="beforeTest" finished-at="2019-10-31T19:20:44Z" duration-ms="11838" status="PASS">
          <reporter-output>
          </reporter-output>
        </test-method> <!-- beforeTest -->
        <test-method signature="TC_ValidDomainSubmission()[pri:0, instance:testScript.TC_NewInquirywithBothContactsGroups@79b06cab]" started-at="2019-10-31T19:20:44Z" name="TC_ValidDomainSubmission" finished-at="2019-10-31T19:20:47Z" duration-ms="3406" status="PASS">
          <reporter-output>
          </reporter-output>
        </test-method> <!-- TC_ValidDomainSubmission -->
        <test-method signature="TC_SignIn()[pri:0, instance:testScript.TC_NewInquirywithBothContactsGroups@79b06cab]" started-at="2019-10-31T19:20:47Z" name="TC_SignIn" finished-at="2019-10-31T19:20:57Z" depends-on-methods="testScript.TC_NewInquirywithBothContactsGroups.TC_ValidDomainSubmission" duration-ms="9403" status="PASS">
          <reporter-output>
          </reporter-output>
        </test-method> <!-- TC_SignIn -->
        <test-method signature="TC_NI()[pri:0, instance:testScript.TC_NewInquirywithBothContactsGroups@79b06cab]" started-at="2019-10-31T19:20:57Z" name="TC_NI" finished-at="2019-10-31T19:21:24Z" depends-on-methods="testScript.TC_NewInquirywithBothContactsGroups.TC_SignIn" duration-ms="27448" status="PASS">
          <reporter-output>
          </reporter-output>
        </test-method> <!-- TC_NI -->
      </class> <!-- testScript.TC_NewInquirywithBothContactsGroups -->
    </test> <!-- Default test -->
  </suite> <!-- Default suite -->
</testng-results>
