<?xml version="1.0" encoding="UTF-8"?>
<testng-results total="9" passed="9" failed="0" skipped="0">
  <reporter-output>
  </reporter-output>
  <suite started-at="2019-12-12T13:46:20Z" name="Default suite" finished-at="2019-12-12T13:50:39Z" duration-ms="258580">
    <groups>
    </groups>
    <test started-at="2019-12-12T13:46:20Z" name="Default test" finished-at="2019-12-12T13:50:39Z" duration-ms="258580">
      <class name="testScript.TC_PublishVideowithInvalidVideoFormats">
        <test-method is-config="true" signature="beforeTest()[pri:0, instance:testScript.TC_PublishVideowithInvalidVideoFormats@1ed1993a]" started-at="2019-12-12T19:16:20Z" name="beforeTest" finished-at="2019-12-12T19:16:38Z" duration-ms="17073" status="PASS">
          <reporter-output>
          </reporter-output>
        </test-method> <!-- beforeTest -->
        <test-method signature="TC_ValidDomainSubmission()[pri:0, instance:testScript.TC_PublishVideowithInvalidVideoFormats@1ed1993a]" started-at="2019-12-12T19:16:38Z" name="TC_ValidDomainSubmission" finished-at="2019-12-12T19:16:53Z" duration-ms="15333" status="PASS">
          <reporter-output>
          </reporter-output>
        </test-method> <!-- TC_ValidDomainSubmission -->
        <test-method signature="TC_SignIn()[pri:0, instance:testScript.TC_PublishVideowithInvalidVideoFormats@1ed1993a]" started-at="2019-12-12T19:16:53Z" name="TC_SignIn" finished-at="2019-12-12T19:17:07Z" duration-ms="14593" status="PASS">
          <reporter-output>
          </reporter-output>
        </test-method> <!-- TC_SignIn -->
        <test-method signature="TC_OpenVideoTab()[pri:0, instance:testScript.TC_PublishVideowithInvalidVideoFormats@1ed1993a]" started-at="2019-12-12T19:17:07Z" name="TC_OpenVideoTab" finished-at="2019-12-12T19:17:23Z" duration-ms="15210" status="PASS">
          <reporter-output>
          </reporter-output>
        </test-method> <!-- TC_OpenVideoTab -->
        <test-method signature="TC_PublishNewVideowithBlankValues()[pri:0, instance:testScript.TC_PublishVideowithInvalidVideoFormats@1ed1993a]" started-at="2019-12-12T19:17:23Z" name="TC_PublishNewVideowithBlankValues" finished-at="2019-12-12T19:17:38Z" duration-ms="14985" status="PASS">
          <reporter-output>
          </reporter-output>
        </test-method> <!-- TC_PublishNewVideowithBlankValues -->
        <test-method signature="TC_PublishNewVideowithInvalidFormatAVI()[pri:0, instance:testScript.TC_PublishVideowithInvalidVideoFormats@1ed1993a]" started-at="2019-12-12T19:17:38Z" name="TC_PublishNewVideowithInvalidFormatAVI" finished-at="2019-12-12T19:18:20Z" duration-ms="42450" status="PASS">
          <reporter-output>
          </reporter-output>
        </test-method> <!-- TC_PublishNewVideowithInvalidFormatAVI -->
        <test-method signature="TC_PublishNewVideowithInvalidFormatWebm()[pri:0, instance:testScript.TC_PublishVideowithInvalidVideoFormats@1ed1993a]" started-at="2019-12-12T19:18:20Z" name="TC_PublishNewVideowithInvalidFormatWebm" finished-at="2019-12-12T19:19:05Z" duration-ms="45209" status="PASS">
          <reporter-output>
          </reporter-output>
        </test-method> <!-- TC_PublishNewVideowithInvalidFormatWebm -->
        <test-method signature="TC_PublishNewVideowithInvalidFormatWMV()[pri:0, instance:testScript.TC_PublishVideowithInvalidVideoFormats@1ed1993a]" started-at="2019-12-12T19:19:05Z" name="TC_PublishNewVideowithInvalidFormatWMV" finished-at="2019-12-12T19:19:50Z" duration-ms="44745" status="PASS">
          <reporter-output>
          </reporter-output>
        </test-method> <!-- TC_PublishNewVideowithInvalidFormatWMV -->
        <test-method signature="TC_PublishNewVideowithInvalidFormatOGG()[pri:0, instance:testScript.TC_PublishVideowithInvalidVideoFormats@1ed1993a]" started-at="2019-12-12T19:19:50Z" name="TC_PublishNewVideowithInvalidFormatOGG" finished-at="2019-12-12T19:20:33Z" duration-ms="42548" status="PASS">
          <reporter-output>
          </reporter-output>
        </test-method> <!-- TC_PublishNewVideowithInvalidFormatOGG -->
        <test-method signature="TC_SignOut()[pri:0, instance:testScript.TC_PublishVideowithInvalidVideoFormats@1ed1993a]" started-at="2019-12-12T19:20:33Z" name="TC_SignOut" finished-at="2019-12-12T19:20:39Z" duration-ms="6278" status="PASS">
          <reporter-output>
          </reporter-output>
        </test-method> <!-- TC_SignOut -->
        <test-method is-config="true" signature="afterTest()[pri:0, instance:testScript.TC_PublishVideowithInvalidVideoFormats@1ed1993a]" started-at="2019-12-12T19:20:39Z" name="afterTest" finished-at="2019-12-12T19:20:39Z" duration-ms="132" status="PASS">
          <reporter-output>
          </reporter-output>
        </test-method> <!-- afterTest -->
      </class> <!-- testScript.TC_PublishVideowithInvalidVideoFormats -->
    </test> <!-- Default test -->
  </suite> <!-- Default suite -->
</testng-results>
